2017-03-10 10:33:43,751 org.springframework.web.context.ContextLoader (initWebApplicationContext:305) - Root WebApplicationContext: initialization started
2017-03-10 10:33:43,854 org.springframework.web.context.support.XmlWebApplicationContext (prepareRefresh:581) - Refreshing Root WebApplicationContext: startup date [Fri Mar 10 10:33:43 CST 2017]; root of context hierarchy
2017-03-10 10:33:43,903 org.springframework.beans.factory.xml.XmlBeanDefinitionReader (loadBeanDefinitions:317) - Loading XML bean definitions from file [D:\myworkspace\KafkaConsumer\target\classes\ApplicationContext\Application-kafka-consumer.xml]
2017-03-10 10:33:43,991 org.springframework.beans.factory.xml.XmlBeanDefinitionReader (loadBeanDefinitions:317) - Loading XML bean definitions from file [D:\myworkspace\KafkaConsumer\target\classes\ApplicationContext\dispatcher-servlet.xml]
2017-03-10 10:33:44,463 org.apache.kafka.clients.consumer.ConsumerConfig (logAll:180) - ConsumerConfig values: 
	auto.commit.interval.ms = 1000
	auto.offset.reset = latest
	bootstrap.servers = [10.0.88.30:9092, 10.0.88.41:9092]
	check.crcs = true
	client.id = 
	connections.max.idle.ms = 540000
	enable.auto.commit = false
	exclude.internal.topics = true
	fetch.max.bytes = 52428800
	fetch.max.wait.ms = 500
	fetch.min.bytes = 1
	group.id = vehiclegroup
	heartbeat.interval.ms = 3000
	interceptor.classes = null
	key.deserializer = class org.apache.kafka.common.serialization.StringDeserializer
	max.partition.fetch.bytes = 1048576
	max.poll.interval.ms = 300000
	max.poll.records = 500
	metadata.max.age.ms = 300000
	metric.reporters = []
	metrics.num.samples = 2
	metrics.sample.window.ms = 30000
	partition.assignment.strategy = [class org.apache.kafka.clients.consumer.RangeAssignor]
	receive.buffer.bytes = 65536
	reconnect.backoff.ms = 50
	request.timeout.ms = 305000
	retry.backoff.ms = 100
	sasl.kerberos.kinit.cmd = /usr/bin/kinit
	sasl.kerberos.min.time.before.relogin = 60000
	sasl.kerberos.service.name = null
	sasl.kerberos.ticket.renew.jitter = 0.05
	sasl.kerberos.ticket.renew.window.factor = 0.8
	sasl.mechanism = GSSAPI
	security.protocol = PLAINTEXT
	send.buffer.bytes = 131072
	session.timeout.ms = 15000
	ssl.cipher.suites = null
	ssl.enabled.protocols = [TLSv1.2, TLSv1.1, TLSv1]
	ssl.endpoint.identification.algorithm = null
	ssl.key.password = null
	ssl.keymanager.algorithm = SunX509
	ssl.keystore.location = null
	ssl.keystore.password = null
	ssl.keystore.type = JKS
	ssl.protocol = TLS
	ssl.provider = null
	ssl.secure.random.implementation = null
	ssl.trustmanager.algorithm = PKIX
	ssl.truststore.location = null
	ssl.truststore.password = null
	ssl.truststore.type = JKS
	value.deserializer = class org.apache.kafka.common.serialization.StringDeserializer

2017-03-10 10:33:44,471 org.apache.kafka.clients.consumer.ConsumerConfig (logAll:180) - ConsumerConfig values: 
	auto.commit.interval.ms = 1000
	auto.offset.reset = latest
	bootstrap.servers = [10.0.88.30:9092, 10.0.88.41:9092]
	check.crcs = true
	client.id = consumer-1
	connections.max.idle.ms = 540000
	enable.auto.commit = false
	exclude.internal.topics = true
	fetch.max.bytes = 52428800
	fetch.max.wait.ms = 500
	fetch.min.bytes = 1
	group.id = vehiclegroup
	heartbeat.interval.ms = 3000
	interceptor.classes = null
	key.deserializer = class org.apache.kafka.common.serialization.StringDeserializer
	max.partition.fetch.bytes = 1048576
	max.poll.interval.ms = 300000
	max.poll.records = 500
	metadata.max.age.ms = 300000
	metric.reporters = []
	metrics.num.samples = 2
	metrics.sample.window.ms = 30000
	partition.assignment.strategy = [class org.apache.kafka.clients.consumer.RangeAssignor]
	receive.buffer.bytes = 65536
	reconnect.backoff.ms = 50
	request.timeout.ms = 305000
	retry.backoff.ms = 100
	sasl.kerberos.kinit.cmd = /usr/bin/kinit
	sasl.kerberos.min.time.before.relogin = 60000
	sasl.kerberos.service.name = null
	sasl.kerberos.ticket.renew.jitter = 0.05
	sasl.kerberos.ticket.renew.window.factor = 0.8
	sasl.mechanism = GSSAPI
	security.protocol = PLAINTEXT
	send.buffer.bytes = 131072
	session.timeout.ms = 15000
	ssl.cipher.suites = null
	ssl.enabled.protocols = [TLSv1.2, TLSv1.1, TLSv1]
	ssl.endpoint.identification.algorithm = null
	ssl.key.password = null
	ssl.keymanager.algorithm = SunX509
	ssl.keystore.location = null
	ssl.keystore.password = null
	ssl.keystore.type = JKS
	ssl.protocol = TLS
	ssl.provider = null
	ssl.secure.random.implementation = null
	ssl.trustmanager.algorithm = PKIX
	ssl.truststore.location = null
	ssl.truststore.password = null
	ssl.truststore.type = JKS
	value.deserializer = class org.apache.kafka.common.serialization.StringDeserializer

2017-03-10 10:33:44,579 org.apache.kafka.common.utils.AppInfoParser (<init>:83) - Kafka version : 0.10.1.0
2017-03-10 10:33:44,579 org.apache.kafka.common.utils.AppInfoParser (<init>:84) - Kafka commitId : 3402a74efb23d1d4
2017-03-10 10:33:44,754 org.apache.kafka.clients.consumer.internals.AbstractCoordinator (onSuccess:555) - Discovered coordinator dellserver41.yw.cn:9092 (id: 2147483647 rack: null) for group vehiclegroup.
2017-03-10 10:33:44,759 org.apache.kafka.clients.consumer.internals.ConsumerCoordinator (onJoinPrepare:333) - Revoking previously assigned partitions [] for group vehiclegroup
2017-03-10 10:33:44,760 org.springframework.kafka.listener.KafkaMessageListenerContainer (onPartitionsRevoked:242) - partitions revoked:[]
2017-03-10 10:33:44,760 org.apache.kafka.clients.consumer.internals.AbstractCoordinator (sendJoinGroupRequest:381) - (Re-)joining group vehiclegroup
2017-03-10 10:33:44,777 org.apache.kafka.clients.consumer.internals.AbstractCoordinator (onSuccess:349) - Successfully joined group vehiclegroup with generation 9
2017-03-10 10:33:44,778 org.apache.kafka.clients.consumer.internals.ConsumerCoordinator (onJoinComplete:225) - Setting newly assigned partitions [ahao-test-0, ahao-test-1] for group vehiclegroup
2017-03-10 10:33:44,795 org.springframework.kafka.listener.KafkaMessageListenerContainer (onPartitionsAssigned:247) - partitions assigned:[ahao-test-0, ahao-test-1]
2017-03-10 10:33:44,970 org.springframework.web.servlet.mvc.method.annotation.RequestMappingHandlerAdapter (initControllerAdviceCache:534) - Looking for @ControllerAdvice: Root WebApplicationContext: startup date [Fri Mar 10 10:33:43 CST 2017]; root of context hierarchy
2017-03-10 10:33:45,220 org.springframework.web.servlet.mvc.method.annotation.RequestMappingHandlerAdapter (initControllerAdviceCache:534) - Looking for @ControllerAdvice: Root WebApplicationContext: startup date [Fri Mar 10 10:33:43 CST 2017]; root of context hierarchy
2017-03-10 10:33:45,391 org.springframework.context.support.DefaultLifecycleProcessor (start:341) - Starting beans in phase 0
2017-03-10 10:33:45,396 org.springframework.web.context.ContextLoader (initWebApplicationContext:345) - Root WebApplicationContext: initialization completed in 1642 ms
2017-03-10 10:33:45,462 org.springframework.web.servlet.DispatcherServlet (initServletBean:489) - FrameworkServlet 'dispatcher': initialization started
2017-03-10 10:33:45,466 org.springframework.web.context.support.XmlWebApplicationContext (prepareRefresh:581) - Refreshing WebApplicationContext for namespace 'dispatcher-servlet': startup date [Fri Mar 10 10:33:45 CST 2017]; parent: Root WebApplicationContext
2017-03-10 10:33:45,467 org.springframework.beans.factory.xml.XmlBeanDefinitionReader (loadBeanDefinitions:317) - Loading XML bean definitions from class path resource [ApplicationContext/dispatcher-servlet.xml]
2017-03-10 10:33:45,627 org.springframework.web.servlet.mvc.method.annotation.RequestMappingHandlerAdapter (initControllerAdviceCache:534) - Looking for @ControllerAdvice: WebApplicationContext for namespace 'dispatcher-servlet': startup date [Fri Mar 10 10:33:45 CST 2017]; parent: Root WebApplicationContext
2017-03-10 10:33:45,759 org.springframework.web.servlet.mvc.method.annotation.RequestMappingHandlerAdapter (initControllerAdviceCache:534) - Looking for @ControllerAdvice: WebApplicationContext for namespace 'dispatcher-servlet': startup date [Fri Mar 10 10:33:45 CST 2017]; parent: Root WebApplicationContext
2017-03-10 10:33:45,939 org.springframework.web.servlet.DispatcherServlet (initServletBean:508) - FrameworkServlet 'dispatcher': initialization completed in 477 ms
2017-03-10 10:34:01,257 com.ahao.kafka.listener.KafkaConsumerServer (onMessage:23) - --****Kafka got message is : {"AlarmDescription":"","AlarmName":"可疑类","AlarmPicUrl":"http://10.0.10.92:8100/scityfankong/ftp/20161124172859_18169665673.mp4","AlarmStatus":"","AlarmTime":"2017-3-8 11:26:55","AlarmUserDesc":"","AlarmUserId":"18074845663","AlarmUserName":"一键报警","AlarmUserPosition":"广西壮族自治区桂林市七星区朝阳路","AlarmVideoUrl":"http://10.0.10.92:8100/scityfankong/ftp/20161124172859_18169665673.mp4","DeviceID":"YJBJ18074845663","Lagitude":"25.273136","Longitude":"110.34318","Message_Type":"一键报警","Sequence_Number":"","Session_ID":"","devType":"1"}
