2017-03-10 11:57:49,746 org.springframework.web.context.ContextLoader (initWebApplicationContext:305) - Root WebApplicationContext: initialization started
2017-03-10 11:57:49,849 org.springframework.web.context.support.XmlWebApplicationContext (prepareRefresh:581) - Refreshing Root WebApplicationContext: startup date [Fri Mar 10 11:57:49 CST 2017]; root of context hierarchy
2017-03-10 11:57:49,899 org.springframework.beans.factory.xml.XmlBeanDefinitionReader (loadBeanDefinitions:317) - Loading XML bean definitions from file [D:\myworkspace\KafkaProducer\target\classes\ApplicationContext\dispatcher-servlet.xml]
2017-03-10 11:57:50,216 org.springframework.beans.factory.xml.XmlBeanDefinitionReader (loadBeanDefinitions:317) - Loading XML bean definitions from file [D:\myworkspace\KafkaProducer\target\classes\ApplicationContext\Kafka-producer.xml]
2017-03-10 11:57:50,491 org.springframework.context.support.ClassPathXmlApplicationContext (prepareRefresh:581) - Refreshing org.springframework.context.support.ClassPathXmlApplicationContext@3cb975ad: startup date [Fri Mar 10 11:57:50 CST 2017]; root of context hierarchy
2017-03-10 11:57:50,493 org.springframework.beans.factory.xml.XmlBeanDefinitionReader (loadBeanDefinitions:317) - Loading XML bean definitions from class path resource [ApplicationContext/Kafka-producer.xml]
2017-03-10 11:57:51,167 org.springframework.web.servlet.mvc.method.annotation.RequestMappingHandlerAdapter (initControllerAdviceCache:534) - Looking for @ControllerAdvice: Root WebApplicationContext: startup date [Fri Mar 10 11:57:49 CST 2017]; root of context hierarchy
2017-03-10 11:57:51,370 org.springframework.web.servlet.mvc.method.annotation.RequestMappingHandlerMapping (register:537) - Mapped "{[/test/testProdecer]}" onto public com.alibaba.fastjson.JSONObject com.ahao.kafka.test.KafkaProducerTest.kafkaProducerTest()
2017-03-10 11:57:51,482 org.springframework.web.servlet.mvc.method.annotation.RequestMappingHandlerAdapter (initControllerAdviceCache:534) - Looking for @ControllerAdvice: Root WebApplicationContext: startup date [Fri Mar 10 11:57:49 CST 2017]; root of context hierarchy
2017-03-10 11:57:51,683 org.springframework.web.context.ContextLoader (initWebApplicationContext:345) - Root WebApplicationContext: initialization completed in 1935 ms
2017-03-10 11:57:51,753 org.springframework.web.servlet.DispatcherServlet (initServletBean:489) - FrameworkServlet 'dispatcher': initialization started
2017-03-10 11:57:51,757 org.springframework.web.context.support.XmlWebApplicationContext (prepareRefresh:581) - Refreshing WebApplicationContext for namespace 'dispatcher-servlet': startup date [Fri Mar 10 11:57:51 CST 2017]; parent: Root WebApplicationContext
2017-03-10 11:57:51,759 org.springframework.beans.factory.xml.XmlBeanDefinitionReader (loadBeanDefinitions:317) - Loading XML bean definitions from class path resource [ApplicationContext/dispatcher-servlet.xml]
2017-03-10 11:57:51,937 org.springframework.web.servlet.mvc.method.annotation.RequestMappingHandlerAdapter (initControllerAdviceCache:534) - Looking for @ControllerAdvice: WebApplicationContext for namespace 'dispatcher-servlet': startup date [Fri Mar 10 11:57:51 CST 2017]; parent: Root WebApplicationContext
2017-03-10 11:57:51,980 org.springframework.web.servlet.mvc.method.annotation.RequestMappingHandlerMapping (register:537) - Mapped "{[/test/testProdecer]}" onto public com.alibaba.fastjson.JSONObject com.ahao.kafka.test.KafkaProducerTest.kafkaProducerTest()
2017-03-10 11:57:52,076 org.springframework.web.servlet.mvc.method.annotation.RequestMappingHandlerAdapter (initControllerAdviceCache:534) - Looking for @ControllerAdvice: WebApplicationContext for namespace 'dispatcher-servlet': startup date [Fri Mar 10 11:57:51 CST 2017]; parent: Root WebApplicationContext
2017-03-10 11:57:52,255 org.springframework.web.servlet.DispatcherServlet (initServletBean:508) - FrameworkServlet 'dispatcher': initialization completed in 501 ms
2017-03-10 11:57:56,286 org.apache.kafka.clients.producer.ProducerConfig (logAll:180) - ProducerConfig values: 
	acks = 1
	batch.size = 16384
	block.on.buffer.full = false
	bootstrap.servers = [10.0.88.30:9092, 10.0.88.41:9092]
	buffer.memory = 33554432
	client.id = 
	compression.type = none
	connections.max.idle.ms = 540000
	interceptor.classes = null
	key.serializer = class org.apache.kafka.common.serialization.StringSerializer
	linger.ms = 1
	max.block.ms = 60000
	max.in.flight.requests.per.connection = 5
	max.request.size = 1048576
	metadata.fetch.timeout.ms = 60000
	metadata.max.age.ms = 300000
	metric.reporters = []
	metrics.num.samples = 2
	metrics.sample.window.ms = 30000
	partitioner.class = class org.apache.kafka.clients.producer.internals.DefaultPartitioner
	receive.buffer.bytes = 32768
	reconnect.backoff.ms = 50
	request.timeout.ms = 30000
	retries = 1
	retry.backoff.ms = 100
	sasl.kerberos.kinit.cmd = /usr/bin/kinit
	sasl.kerberos.min.time.before.relogin = 60000
	sasl.kerberos.service.name = null
	sasl.kerberos.ticket.renew.jitter = 0.05
	sasl.kerberos.ticket.renew.window.factor = 0.8
	sasl.mechanism = GSSAPI
	security.protocol = PLAINTEXT
	send.buffer.bytes = 131072
	ssl.cipher.suites = null
	ssl.enabled.protocols = [TLSv1.2, TLSv1.1, TLSv1]
	ssl.endpoint.identification.algorithm = null
	ssl.key.password = null
	ssl.keymanager.algorithm = SunX509
	ssl.keystore.location = null
	ssl.keystore.password = null
	ssl.keystore.type = JKS
	ssl.protocol = TLS
	ssl.provider = null
	ssl.secure.random.implementation = null
	ssl.trustmanager.algorithm = PKIX
	ssl.truststore.location = null
	ssl.truststore.password = null
	ssl.truststore.type = JKS
	timeout.ms = 30000
	value.serializer = class org.apache.kafka.common.serialization.StringSerializer

2017-03-10 11:57:56,298 org.apache.kafka.clients.producer.ProducerConfig (logAll:180) - ProducerConfig values: 
	acks = 1
	batch.size = 16384
	block.on.buffer.full = false
	bootstrap.servers = [10.0.88.30:9092, 10.0.88.41:9092]
	buffer.memory = 33554432
	client.id = producer-1
	compression.type = none
	connections.max.idle.ms = 540000
	interceptor.classes = null
	key.serializer = class org.apache.kafka.common.serialization.StringSerializer
	linger.ms = 1
	max.block.ms = 60000
	max.in.flight.requests.per.connection = 5
	max.request.size = 1048576
	metadata.fetch.timeout.ms = 60000
	metadata.max.age.ms = 300000
	metric.reporters = []
	metrics.num.samples = 2
	metrics.sample.window.ms = 30000
	partitioner.class = class org.apache.kafka.clients.producer.internals.DefaultPartitioner
	receive.buffer.bytes = 32768
	reconnect.backoff.ms = 50
	request.timeout.ms = 30000
	retries = 1
	retry.backoff.ms = 100
	sasl.kerberos.kinit.cmd = /usr/bin/kinit
	sasl.kerberos.min.time.before.relogin = 60000
	sasl.kerberos.service.name = null
	sasl.kerberos.ticket.renew.jitter = 0.05
	sasl.kerberos.ticket.renew.window.factor = 0.8
	sasl.mechanism = GSSAPI
	security.protocol = PLAINTEXT
	send.buffer.bytes = 131072
	ssl.cipher.suites = null
	ssl.enabled.protocols = [TLSv1.2, TLSv1.1, TLSv1]
	ssl.endpoint.identification.algorithm = null
	ssl.key.password = null
	ssl.keymanager.algorithm = SunX509
	ssl.keystore.location = null
	ssl.keystore.password = null
	ssl.keystore.type = JKS
	ssl.protocol = TLS
	ssl.provider = null
	ssl.secure.random.implementation = null
	ssl.trustmanager.algorithm = PKIX
	ssl.truststore.location = null
	ssl.truststore.password = null
	ssl.truststore.type = JKS
	timeout.ms = 30000
	value.serializer = class org.apache.kafka.common.serialization.StringSerializer

2017-03-10 11:57:56,360 org.apache.kafka.clients.producer.ProducerConfig (logUnused:188) - The configuration 'group.id' was supplied but isn't a known config.
2017-03-10 11:57:56,363 org.apache.kafka.common.utils.AppInfoParser (<init>:83) - Kafka version : 0.10.1.0
2017-03-10 11:57:56,363 org.apache.kafka.common.utils.AppInfoParser (<init>:84) - Kafka commitId : 3402a74efb23d1d4
2017-03-10 11:58:40,386 org.springframework.web.context.ContextLoader (initWebApplicationContext:305) - Root WebApplicationContext: initialization started
2017-03-10 11:58:40,484 org.springframework.web.context.support.XmlWebApplicationContext (prepareRefresh:581) - Refreshing Root WebApplicationContext: startup date [Fri Mar 10 11:58:40 CST 2017]; root of context hierarchy
2017-03-10 11:58:40,533 org.springframework.beans.factory.xml.XmlBeanDefinitionReader (loadBeanDefinitions:317) - Loading XML bean definitions from file [D:\myworkspace\KafkaProducer\target\classes\ApplicationContext\dispatcher-servlet.xml]
2017-03-10 11:58:40,777 org.springframework.beans.factory.xml.XmlBeanDefinitionReader (loadBeanDefinitions:317) - Loading XML bean definitions from file [D:\myworkspace\KafkaProducer\target\classes\ApplicationContext\Kafka-producer.xml]
2017-03-10 11:58:41,009 org.springframework.context.support.ClassPathXmlApplicationContext (prepareRefresh:581) - Refreshing org.springframework.context.support.ClassPathXmlApplicationContext@2e2d671e: startup date [Fri Mar 10 11:58:41 CST 2017]; root of context hierarchy
2017-03-10 11:58:41,011 org.springframework.beans.factory.xml.XmlBeanDefinitionReader (loadBeanDefinitions:317) - Loading XML bean definitions from class path resource [ApplicationContext/Kafka-producer.xml]
2017-03-10 11:58:41,501 org.springframework.web.servlet.mvc.method.annotation.RequestMappingHandlerAdapter (initControllerAdviceCache:534) - Looking for @ControllerAdvice: Root WebApplicationContext: startup date [Fri Mar 10 11:58:40 CST 2017]; root of context hierarchy
2017-03-10 11:58:41,664 org.springframework.web.servlet.mvc.method.annotation.RequestMappingHandlerMapping (register:537) - Mapped "{[/test/testProdecer]}" onto public com.alibaba.fastjson.JSONObject com.ahao.kafka.test.KafkaProducerTest.kafkaProducerTest()
2017-03-10 11:58:41,779 org.springframework.web.servlet.mvc.method.annotation.RequestMappingHandlerAdapter (initControllerAdviceCache:534) - Looking for @ControllerAdvice: Root WebApplicationContext: startup date [Fri Mar 10 11:58:40 CST 2017]; root of context hierarchy
2017-03-10 11:58:41,973 org.springframework.web.context.ContextLoader (initWebApplicationContext:345) - Root WebApplicationContext: initialization completed in 1584 ms
2017-03-10 11:58:42,040 org.springframework.web.servlet.DispatcherServlet (initServletBean:489) - FrameworkServlet 'dispatcher': initialization started
2017-03-10 11:58:42,044 org.springframework.web.context.support.XmlWebApplicationContext (prepareRefresh:581) - Refreshing WebApplicationContext for namespace 'dispatcher-servlet': startup date [Fri Mar 10 11:58:42 CST 2017]; parent: Root WebApplicationContext
2017-03-10 11:58:42,045 org.springframework.beans.factory.xml.XmlBeanDefinitionReader (loadBeanDefinitions:317) - Loading XML bean definitions from class path resource [ApplicationContext/dispatcher-servlet.xml]
2017-03-10 11:58:42,219 org.springframework.web.servlet.mvc.method.annotation.RequestMappingHandlerAdapter (initControllerAdviceCache:534) - Looking for @ControllerAdvice: WebApplicationContext for namespace 'dispatcher-servlet': startup date [Fri Mar 10 11:58:42 CST 2017]; parent: Root WebApplicationContext
2017-03-10 11:58:42,259 org.springframework.web.servlet.mvc.method.annotation.RequestMappingHandlerMapping (register:537) - Mapped "{[/test/testProdecer]}" onto public com.alibaba.fastjson.JSONObject com.ahao.kafka.test.KafkaProducerTest.kafkaProducerTest()
2017-03-10 11:58:42,357 org.springframework.web.servlet.mvc.method.annotation.RequestMappingHandlerAdapter (initControllerAdviceCache:534) - Looking for @ControllerAdvice: WebApplicationContext for namespace 'dispatcher-servlet': startup date [Fri Mar 10 11:58:42 CST 2017]; parent: Root WebApplicationContext
2017-03-10 11:58:42,545 org.springframework.web.servlet.DispatcherServlet (initServletBean:508) - FrameworkServlet 'dispatcher': initialization completed in 505 ms
2017-03-10 11:58:46,182 org.apache.kafka.clients.producer.ProducerConfig (logAll:180) - ProducerConfig values: 
	acks = 1
	batch.size = 16384
	block.on.buffer.full = false
	bootstrap.servers = [10.0.88.30:9092, 10.0.88.41:9092]
	buffer.memory = 33554432
	client.id = 
	compression.type = none
	connections.max.idle.ms = 540000
	interceptor.classes = null
	key.serializer = class org.apache.kafka.common.serialization.StringSerializer
	linger.ms = 1
	max.block.ms = 60000
	max.in.flight.requests.per.connection = 5
	max.request.size = 1048576
	metadata.fetch.timeout.ms = 60000
	metadata.max.age.ms = 300000
	metric.reporters = []
	metrics.num.samples = 2
	metrics.sample.window.ms = 30000
	partitioner.class = class org.apache.kafka.clients.producer.internals.DefaultPartitioner
	receive.buffer.bytes = 32768
	reconnect.backoff.ms = 50
	request.timeout.ms = 30000
	retries = 1
	retry.backoff.ms = 100
	sasl.kerberos.kinit.cmd = /usr/bin/kinit
	sasl.kerberos.min.time.before.relogin = 60000
	sasl.kerberos.service.name = null
	sasl.kerberos.ticket.renew.jitter = 0.05
	sasl.kerberos.ticket.renew.window.factor = 0.8
	sasl.mechanism = GSSAPI
	security.protocol = PLAINTEXT
	send.buffer.bytes = 131072
	ssl.cipher.suites = null
	ssl.enabled.protocols = [TLSv1.2, TLSv1.1, TLSv1]
	ssl.endpoint.identification.algorithm = null
	ssl.key.password = null
	ssl.keymanager.algorithm = SunX509
	ssl.keystore.location = null
	ssl.keystore.password = null
	ssl.keystore.type = JKS
	ssl.protocol = TLS
	ssl.provider = null
	ssl.secure.random.implementation = null
	ssl.trustmanager.algorithm = PKIX
	ssl.truststore.location = null
	ssl.truststore.password = null
	ssl.truststore.type = JKS
	timeout.ms = 30000
	value.serializer = class org.apache.kafka.common.serialization.StringSerializer

2017-03-10 11:58:46,191 org.apache.kafka.clients.producer.ProducerConfig (logAll:180) - ProducerConfig values: 
	acks = 1
	batch.size = 16384
	block.on.buffer.full = false
	bootstrap.servers = [10.0.88.30:9092, 10.0.88.41:9092]
	buffer.memory = 33554432
	client.id = producer-1
	compression.type = none
	connections.max.idle.ms = 540000
	interceptor.classes = null
	key.serializer = class org.apache.kafka.common.serialization.StringSerializer
	linger.ms = 1
	max.block.ms = 60000
	max.in.flight.requests.per.connection = 5
	max.request.size = 1048576
	metadata.fetch.timeout.ms = 60000
	metadata.max.age.ms = 300000
	metric.reporters = []
	metrics.num.samples = 2
	metrics.sample.window.ms = 30000
	partitioner.class = class org.apache.kafka.clients.producer.internals.DefaultPartitioner
	receive.buffer.bytes = 32768
	reconnect.backoff.ms = 50
	request.timeout.ms = 30000
	retries = 1
	retry.backoff.ms = 100
	sasl.kerberos.kinit.cmd = /usr/bin/kinit
	sasl.kerberos.min.time.before.relogin = 60000
	sasl.kerberos.service.name = null
	sasl.kerberos.ticket.renew.jitter = 0.05
	sasl.kerberos.ticket.renew.window.factor = 0.8
	sasl.mechanism = GSSAPI
	security.protocol = PLAINTEXT
	send.buffer.bytes = 131072
	ssl.cipher.suites = null
	ssl.enabled.protocols = [TLSv1.2, TLSv1.1, TLSv1]
	ssl.endpoint.identification.algorithm = null
	ssl.key.password = null
	ssl.keymanager.algorithm = SunX509
	ssl.keystore.location = null
	ssl.keystore.password = null
	ssl.keystore.type = JKS
	ssl.protocol = TLS
	ssl.provider = null
	ssl.secure.random.implementation = null
	ssl.trustmanager.algorithm = PKIX
	ssl.truststore.location = null
	ssl.truststore.password = null
	ssl.truststore.type = JKS
	timeout.ms = 30000
	value.serializer = class org.apache.kafka.common.serialization.StringSerializer

2017-03-10 11:58:46,245 org.apache.kafka.clients.producer.ProducerConfig (logUnused:188) - The configuration 'group.id' was supplied but isn't a known config.
2017-03-10 11:58:46,247 org.apache.kafka.common.utils.AppInfoParser (<init>:83) - Kafka version : 0.10.1.0
2017-03-10 11:58:46,248 org.apache.kafka.common.utils.AppInfoParser (<init>:84) - Kafka commitId : 3402a74efb23d1d4
2017-03-10 11:59:13,058 org.springframework.web.context.ContextLoader (initWebApplicationContext:305) - Root WebApplicationContext: initialization started
2017-03-10 11:59:13,158 org.springframework.web.context.support.XmlWebApplicationContext (prepareRefresh:581) - Refreshing Root WebApplicationContext: startup date [Fri Mar 10 11:59:13 CST 2017]; root of context hierarchy
2017-03-10 11:59:13,207 org.springframework.beans.factory.xml.XmlBeanDefinitionReader (loadBeanDefinitions:317) - Loading XML bean definitions from file [D:\myworkspace\KafkaProducer\target\classes\ApplicationContext\dispatcher-servlet.xml]
2017-03-10 11:59:13,462 org.springframework.beans.factory.xml.XmlBeanDefinitionReader (loadBeanDefinitions:317) - Loading XML bean definitions from file [D:\myworkspace\KafkaProducer\target\classes\ApplicationContext\Kafka-producer.xml]
2017-03-10 11:59:13,688 org.springframework.context.support.ClassPathXmlApplicationContext (prepareRefresh:581) - Refreshing org.springframework.context.support.ClassPathXmlApplicationContext@3a43e3a3: startup date [Fri Mar 10 11:59:13 CST 2017]; root of context hierarchy
2017-03-10 11:59:13,690 org.springframework.beans.factory.xml.XmlBeanDefinitionReader (loadBeanDefinitions:317) - Loading XML bean definitions from class path resource [ApplicationContext/Kafka-producer.xml]
2017-03-10 11:59:14,170 org.springframework.web.servlet.mvc.method.annotation.RequestMappingHandlerAdapter (initControllerAdviceCache:534) - Looking for @ControllerAdvice: Root WebApplicationContext: startup date [Fri Mar 10 11:59:13 CST 2017]; root of context hierarchy
2017-03-10 11:59:14,358 org.springframework.web.servlet.mvc.method.annotation.RequestMappingHandlerMapping (register:537) - Mapped "{[/test/testProdecer]}" onto public com.alibaba.fastjson.JSONObject com.ahao.kafka.test.KafkaProducerTest.kafkaProducerTest()
2017-03-10 11:59:14,477 org.springframework.web.servlet.mvc.method.annotation.RequestMappingHandlerAdapter (initControllerAdviceCache:534) - Looking for @ControllerAdvice: Root WebApplicationContext: startup date [Fri Mar 10 11:59:13 CST 2017]; root of context hierarchy
2017-03-10 11:59:14,679 org.springframework.web.context.ContextLoader (initWebApplicationContext:345) - Root WebApplicationContext: initialization completed in 1619 ms
2017-03-10 11:59:14,748 org.springframework.web.servlet.DispatcherServlet (initServletBean:489) - FrameworkServlet 'dispatcher': initialization started
2017-03-10 11:59:14,752 org.springframework.web.context.support.XmlWebApplicationContext (prepareRefresh:581) - Refreshing WebApplicationContext for namespace 'dispatcher-servlet': startup date [Fri Mar 10 11:59:14 CST 2017]; parent: Root WebApplicationContext
2017-03-10 11:59:14,753 org.springframework.beans.factory.xml.XmlBeanDefinitionReader (loadBeanDefinitions:317) - Loading XML bean definitions from class path resource [ApplicationContext/dispatcher-servlet.xml]
2017-03-10 11:59:14,931 org.springframework.web.servlet.mvc.method.annotation.RequestMappingHandlerAdapter (initControllerAdviceCache:534) - Looking for @ControllerAdvice: WebApplicationContext for namespace 'dispatcher-servlet': startup date [Fri Mar 10 11:59:14 CST 2017]; parent: Root WebApplicationContext
2017-03-10 11:59:14,973 org.springframework.web.servlet.mvc.method.annotation.RequestMappingHandlerMapping (register:537) - Mapped "{[/test/testProdecer]}" onto public com.alibaba.fastjson.JSONObject com.ahao.kafka.test.KafkaProducerTest.kafkaProducerTest()
2017-03-10 11:59:15,070 org.springframework.web.servlet.mvc.method.annotation.RequestMappingHandlerAdapter (initControllerAdviceCache:534) - Looking for @ControllerAdvice: WebApplicationContext for namespace 'dispatcher-servlet': startup date [Fri Mar 10 11:59:14 CST 2017]; parent: Root WebApplicationContext
2017-03-10 11:59:15,249 org.springframework.web.servlet.DispatcherServlet (initServletBean:508) - FrameworkServlet 'dispatcher': initialization completed in 501 ms
2017-03-10 15:03:58,085 org.springframework.web.context.ContextLoader (initWebApplicationContext:305) - Root WebApplicationContext: initialization started
2017-03-10 15:03:58,190 org.springframework.web.context.support.XmlWebApplicationContext (prepareRefresh:581) - Refreshing Root WebApplicationContext: startup date [Fri Mar 10 15:03:58 CST 2017]; root of context hierarchy
2017-03-10 15:03:58,240 org.springframework.beans.factory.xml.XmlBeanDefinitionReader (loadBeanDefinitions:317) - Loading XML bean definitions from file [D:\myworkspace\KafkaProducer\target\classes\ApplicationContext\dispatcher-servlet.xml]
2017-03-10 15:03:58,497 org.springframework.beans.factory.xml.XmlBeanDefinitionReader (loadBeanDefinitions:317) - Loading XML bean definitions from file [D:\myworkspace\KafkaProducer\target\classes\ApplicationContext\Kafka-producer.xml]
2017-03-10 15:03:58,722 org.springframework.context.support.ClassPathXmlApplicationContext (prepareRefresh:581) - Refreshing org.springframework.context.support.ClassPathXmlApplicationContext@3f160037: startup date [Fri Mar 10 15:03:58 CST 2017]; root of context hierarchy
2017-03-10 15:03:58,723 org.springframework.beans.factory.xml.XmlBeanDefinitionReader (loadBeanDefinitions:317) - Loading XML bean definitions from class path resource [ApplicationContext/Kafka-producer.xml]
2017-03-10 15:03:59,180 org.springframework.web.servlet.mvc.method.annotation.RequestMappingHandlerAdapter (initControllerAdviceCache:534) - Looking for @ControllerAdvice: Root WebApplicationContext: startup date [Fri Mar 10 15:03:58 CST 2017]; root of context hierarchy
2017-03-10 15:03:59,371 org.springframework.web.servlet.mvc.method.annotation.RequestMappingHandlerMapping (register:537) - Mapped "{[/test/testProdecer]}" onto public com.alibaba.fastjson.JSONObject com.ahao.kafka.test.KafkaProducerTest.kafkaProducerTest()
2017-03-10 15:03:59,487 org.springframework.web.servlet.mvc.method.annotation.RequestMappingHandlerAdapter (initControllerAdviceCache:534) - Looking for @ControllerAdvice: Root WebApplicationContext: startup date [Fri Mar 10 15:03:58 CST 2017]; root of context hierarchy
2017-03-10 15:03:59,686 org.springframework.web.context.ContextLoader (initWebApplicationContext:345) - Root WebApplicationContext: initialization completed in 1598 ms
2017-03-10 15:03:59,757 org.springframework.web.servlet.DispatcherServlet (initServletBean:489) - FrameworkServlet 'dispatcher': initialization started
2017-03-10 15:03:59,762 org.springframework.web.context.support.XmlWebApplicationContext (prepareRefresh:581) - Refreshing WebApplicationContext for namespace 'dispatcher-servlet': startup date [Fri Mar 10 15:03:59 CST 2017]; parent: Root WebApplicationContext
2017-03-10 15:03:59,764 org.springframework.beans.factory.xml.XmlBeanDefinitionReader (loadBeanDefinitions:317) - Loading XML bean definitions from class path resource [ApplicationContext/dispatcher-servlet.xml]
2017-03-10 15:03:59,940 org.springframework.web.servlet.mvc.method.annotation.RequestMappingHandlerAdapter (initControllerAdviceCache:534) - Looking for @ControllerAdvice: WebApplicationContext for namespace 'dispatcher-servlet': startup date [Fri Mar 10 15:03:59 CST 2017]; parent: Root WebApplicationContext
2017-03-10 15:03:59,984 org.springframework.web.servlet.mvc.method.annotation.RequestMappingHandlerMapping (register:537) - Mapped "{[/test/testProdecer]}" onto public com.alibaba.fastjson.JSONObject com.ahao.kafka.test.KafkaProducerTest.kafkaProducerTest()
2017-03-10 15:04:00,080 org.springframework.web.servlet.mvc.method.annotation.RequestMappingHandlerAdapter (initControllerAdviceCache:534) - Looking for @ControllerAdvice: WebApplicationContext for namespace 'dispatcher-servlet': startup date [Fri Mar 10 15:03:59 CST 2017]; parent: Root WebApplicationContext
2017-03-10 15:04:00,259 org.springframework.web.servlet.DispatcherServlet (initServletBean:508) - FrameworkServlet 'dispatcher': initialization completed in 501 ms
2017-03-10 15:04:41,086 org.springframework.web.context.ContextLoader (initWebApplicationContext:305) - Root WebApplicationContext: initialization started
2017-03-10 15:04:41,189 org.springframework.web.context.support.XmlWebApplicationContext (prepareRefresh:581) - Refreshing Root WebApplicationContext: startup date [Fri Mar 10 15:04:41 CST 2017]; root of context hierarchy
2017-03-10 15:04:41,238 org.springframework.beans.factory.xml.XmlBeanDefinitionReader (loadBeanDefinitions:317) - Loading XML bean definitions from file [D:\myworkspace\KafkaProducer\target\classes\ApplicationContext\dispatcher-servlet.xml]
2017-03-10 15:04:41,492 org.springframework.beans.factory.xml.XmlBeanDefinitionReader (loadBeanDefinitions:317) - Loading XML bean definitions from file [D:\myworkspace\KafkaProducer\target\classes\ApplicationContext\Kafka-producer.xml]
2017-03-10 15:04:41,718 org.springframework.context.support.ClassPathXmlApplicationContext (prepareRefresh:581) - Refreshing org.springframework.context.support.ClassPathXmlApplicationContext@3a43e3a3: startup date [Fri Mar 10 15:04:41 CST 2017]; root of context hierarchy
2017-03-10 15:04:41,720 org.springframework.beans.factory.xml.XmlBeanDefinitionReader (loadBeanDefinitions:317) - Loading XML bean definitions from class path resource [ApplicationContext/Kafka-producer.xml]
2017-03-10 15:04:42,191 org.springframework.web.servlet.mvc.method.annotation.RequestMappingHandlerAdapter (initControllerAdviceCache:534) - Looking for @ControllerAdvice: Root WebApplicationContext: startup date [Fri Mar 10 15:04:41 CST 2017]; root of context hierarchy
2017-03-10 15:04:42,372 org.springframework.web.servlet.mvc.method.annotation.RequestMappingHandlerMapping (register:537) - Mapped "{[/test/testProdecer]}" onto public com.alibaba.fastjson.JSONObject com.ahao.kafka.test.KafkaProducerTest.kafkaProducerTest()
2017-03-10 15:04:42,483 org.springframework.web.servlet.mvc.method.annotation.RequestMappingHandlerAdapter (initControllerAdviceCache:534) - Looking for @ControllerAdvice: Root WebApplicationContext: startup date [Fri Mar 10 15:04:41 CST 2017]; root of context hierarchy
2017-03-10 15:04:42,681 org.springframework.web.context.ContextLoader (initWebApplicationContext:345) - Root WebApplicationContext: initialization completed in 1592 ms
2017-03-10 15:04:42,747 org.springframework.web.servlet.DispatcherServlet (initServletBean:489) - FrameworkServlet 'dispatcher': initialization started
2017-03-10 15:04:42,751 org.springframework.web.context.support.XmlWebApplicationContext (prepareRefresh:581) - Refreshing WebApplicationContext for namespace 'dispatcher-servlet': startup date [Fri Mar 10 15:04:42 CST 2017]; parent: Root WebApplicationContext
2017-03-10 15:04:42,752 org.springframework.beans.factory.xml.XmlBeanDefinitionReader (loadBeanDefinitions:317) - Loading XML bean definitions from class path resource [ApplicationContext/dispatcher-servlet.xml]
2017-03-10 15:04:42,924 org.springframework.web.servlet.mvc.method.annotation.RequestMappingHandlerAdapter (initControllerAdviceCache:534) - Looking for @ControllerAdvice: WebApplicationContext for namespace 'dispatcher-servlet': startup date [Fri Mar 10 15:04:42 CST 2017]; parent: Root WebApplicationContext
2017-03-10 15:04:42,965 org.springframework.web.servlet.mvc.method.annotation.RequestMappingHandlerMapping (register:537) - Mapped "{[/test/testProdecer]}" onto public com.alibaba.fastjson.JSONObject com.ahao.kafka.test.KafkaProducerTest.kafkaProducerTest()
2017-03-10 15:04:43,061 org.springframework.web.servlet.mvc.method.annotation.RequestMappingHandlerAdapter (initControllerAdviceCache:534) - Looking for @ControllerAdvice: WebApplicationContext for namespace 'dispatcher-servlet': startup date [Fri Mar 10 15:04:42 CST 2017]; parent: Root WebApplicationContext
2017-03-10 15:04:43,239 org.springframework.web.servlet.DispatcherServlet (initServletBean:508) - FrameworkServlet 'dispatcher': initialization completed in 492 ms
2017-03-10 15:04:48,578 org.apache.kafka.clients.producer.ProducerConfig (logAll:180) - ProducerConfig values: 
	acks = 1
	batch.size = 16384
	block.on.buffer.full = false
	bootstrap.servers = [10.0.88.30:9092, 10.0.88.41:9092]
	buffer.memory = 33554432
	client.id = 
	compression.type = none
	connections.max.idle.ms = 540000
	interceptor.classes = null
	key.serializer = class org.apache.kafka.common.serialization.StringSerializer
	linger.ms = 1
	max.block.ms = 60000
	max.in.flight.requests.per.connection = 5
	max.request.size = 1048576
	metadata.fetch.timeout.ms = 60000
	metadata.max.age.ms = 300000
	metric.reporters = []
	metrics.num.samples = 2
	metrics.sample.window.ms = 30000
	partitioner.class = class org.apache.kafka.clients.producer.internals.DefaultPartitioner
	receive.buffer.bytes = 32768
	reconnect.backoff.ms = 50
	request.timeout.ms = 30000
	retries = 1
	retry.backoff.ms = 100
	sasl.kerberos.kinit.cmd = /usr/bin/kinit
	sasl.kerberos.min.time.before.relogin = 60000
	sasl.kerberos.service.name = null
	sasl.kerberos.ticket.renew.jitter = 0.05
	sasl.kerberos.ticket.renew.window.factor = 0.8
	sasl.mechanism = GSSAPI
	security.protocol = PLAINTEXT
	send.buffer.bytes = 131072
	ssl.cipher.suites = null
	ssl.enabled.protocols = [TLSv1.2, TLSv1.1, TLSv1]
	ssl.endpoint.identification.algorithm = null
	ssl.key.password = null
	ssl.keymanager.algorithm = SunX509
	ssl.keystore.location = null
	ssl.keystore.password = null
	ssl.keystore.type = JKS
	ssl.protocol = TLS
	ssl.provider = null
	ssl.secure.random.implementation = null
	ssl.trustmanager.algorithm = PKIX
	ssl.truststore.location = null
	ssl.truststore.password = null
	ssl.truststore.type = JKS
	timeout.ms = 30000
	value.serializer = class org.apache.kafka.common.serialization.StringSerializer

2017-03-10 15:04:48,586 org.apache.kafka.clients.producer.ProducerConfig (logAll:180) - ProducerConfig values: 
	acks = 1
	batch.size = 16384
	block.on.buffer.full = false
	bootstrap.servers = [10.0.88.30:9092, 10.0.88.41:9092]
	buffer.memory = 33554432
	client.id = producer-1
	compression.type = none
	connections.max.idle.ms = 540000
	interceptor.classes = null
	key.serializer = class org.apache.kafka.common.serialization.StringSerializer
	linger.ms = 1
	max.block.ms = 60000
	max.in.flight.requests.per.connection = 5
	max.request.size = 1048576
	metadata.fetch.timeout.ms = 60000
	metadata.max.age.ms = 300000
	metric.reporters = []
	metrics.num.samples = 2
	metrics.sample.window.ms = 30000
	partitioner.class = class org.apache.kafka.clients.producer.internals.DefaultPartitioner
	receive.buffer.bytes = 32768
	reconnect.backoff.ms = 50
	request.timeout.ms = 30000
	retries = 1
	retry.backoff.ms = 100
	sasl.kerberos.kinit.cmd = /usr/bin/kinit
	sasl.kerberos.min.time.before.relogin = 60000
	sasl.kerberos.service.name = null
	sasl.kerberos.ticket.renew.jitter = 0.05
	sasl.kerberos.ticket.renew.window.factor = 0.8
	sasl.mechanism = GSSAPI
	security.protocol = PLAINTEXT
	send.buffer.bytes = 131072
	ssl.cipher.suites = null
	ssl.enabled.protocols = [TLSv1.2, TLSv1.1, TLSv1]
	ssl.endpoint.identification.algorithm = null
	ssl.key.password = null
	ssl.keymanager.algorithm = SunX509
	ssl.keystore.location = null
	ssl.keystore.password = null
	ssl.keystore.type = JKS
	ssl.protocol = TLS
	ssl.provider = null
	ssl.secure.random.implementation = null
	ssl.trustmanager.algorithm = PKIX
	ssl.truststore.location = null
	ssl.truststore.password = null
	ssl.truststore.type = JKS
	timeout.ms = 30000
	value.serializer = class org.apache.kafka.common.serialization.StringSerializer

2017-03-10 15:04:48,638 org.apache.kafka.clients.producer.ProducerConfig (logUnused:188) - The configuration 'group.id' was supplied but isn't a known config.
2017-03-10 15:04:48,641 org.apache.kafka.common.utils.AppInfoParser (<init>:83) - Kafka version : 0.10.1.0
2017-03-10 15:04:48,641 org.apache.kafka.common.utils.AppInfoParser (<init>:84) - Kafka commitId : 3402a74efb23d1d4
2017-03-10 15:06:57,142 org.springframework.web.context.ContextLoader (initWebApplicationContext:305) - Root WebApplicationContext: initialization started
2017-03-10 15:06:57,242 org.springframework.web.context.support.XmlWebApplicationContext (prepareRefresh:581) - Refreshing Root WebApplicationContext: startup date [Fri Mar 10 15:06:57 CST 2017]; root of context hierarchy
2017-03-10 15:06:57,290 org.springframework.beans.factory.xml.XmlBeanDefinitionReader (loadBeanDefinitions:317) - Loading XML bean definitions from file [D:\myworkspace\KafkaProducer\target\classes\ApplicationContext\dispatcher-servlet.xml]
2017-03-10 15:06:57,544 org.springframework.beans.factory.xml.XmlBeanDefinitionReader (loadBeanDefinitions:317) - Loading XML bean definitions from file [D:\myworkspace\KafkaProducer\target\classes\ApplicationContext\Kafka-producer.xml]
2017-03-10 15:06:57,771 org.springframework.context.support.ClassPathXmlApplicationContext (prepareRefresh:581) - Refreshing org.springframework.context.support.ClassPathXmlApplicationContext@608ffa3: startup date [Fri Mar 10 15:06:57 CST 2017]; root of context hierarchy
2017-03-10 15:06:57,773 org.springframework.beans.factory.xml.XmlBeanDefinitionReader (loadBeanDefinitions:317) - Loading XML bean definitions from class path resource [ApplicationContext/Kafka-producer.xml]
2017-03-10 15:06:58,231 org.springframework.web.servlet.mvc.method.annotation.RequestMappingHandlerAdapter (initControllerAdviceCache:534) - Looking for @ControllerAdvice: Root WebApplicationContext: startup date [Fri Mar 10 15:06:57 CST 2017]; root of context hierarchy
2017-03-10 15:06:58,403 org.springframework.web.servlet.mvc.method.annotation.RequestMappingHandlerMapping (register:537) - Mapped "{[/test/testProdecer]}" onto public com.alibaba.fastjson.JSONObject com.ahao.kafka.test.KafkaProducerTest.kafkaProducerTest()
2017-03-10 15:06:58,508 org.springframework.web.servlet.mvc.method.annotation.RequestMappingHandlerAdapter (initControllerAdviceCache:534) - Looking for @ControllerAdvice: Root WebApplicationContext: startup date [Fri Mar 10 15:06:57 CST 2017]; root of context hierarchy
2017-03-10 15:06:58,699 org.springframework.web.context.ContextLoader (initWebApplicationContext:345) - Root WebApplicationContext: initialization completed in 1554 ms
2017-03-10 15:06:58,766 org.springframework.web.servlet.DispatcherServlet (initServletBean:489) - FrameworkServlet 'dispatcher': initialization started
2017-03-10 15:06:58,771 org.springframework.web.context.support.XmlWebApplicationContext (prepareRefresh:581) - Refreshing WebApplicationContext for namespace 'dispatcher-servlet': startup date [Fri Mar 10 15:06:58 CST 2017]; parent: Root WebApplicationContext
2017-03-10 15:06:58,772 org.springframework.beans.factory.xml.XmlBeanDefinitionReader (loadBeanDefinitions:317) - Loading XML bean definitions from class path resource [ApplicationContext/dispatcher-servlet.xml]
2017-03-10 15:06:58,942 org.springframework.web.servlet.mvc.method.annotation.RequestMappingHandlerAdapter (initControllerAdviceCache:534) - Looking for @ControllerAdvice: WebApplicationContext for namespace 'dispatcher-servlet': startup date [Fri Mar 10 15:06:58 CST 2017]; parent: Root WebApplicationContext
2017-03-10 15:06:58,981 org.springframework.web.servlet.mvc.method.annotation.RequestMappingHandlerMapping (register:537) - Mapped "{[/test/testProdecer]}" onto public com.alibaba.fastjson.JSONObject com.ahao.kafka.test.KafkaProducerTest.kafkaProducerTest()
2017-03-10 15:06:59,077 org.springframework.web.servlet.mvc.method.annotation.RequestMappingHandlerAdapter (initControllerAdviceCache:534) - Looking for @ControllerAdvice: WebApplicationContext for namespace 'dispatcher-servlet': startup date [Fri Mar 10 15:06:58 CST 2017]; parent: Root WebApplicationContext
2017-03-10 15:06:59,257 org.springframework.web.servlet.DispatcherServlet (initServletBean:508) - FrameworkServlet 'dispatcher': initialization completed in 490 ms
2017-03-10 15:07:05,145 org.apache.kafka.clients.producer.ProducerConfig (logAll:180) - ProducerConfig values: 
	acks = 1
	batch.size = 16384
	block.on.buffer.full = false
	bootstrap.servers = [10.0.88.30:9092, 10.0.88.41:9092]
	buffer.memory = 33554432
	client.id = 
	compression.type = none
	connections.max.idle.ms = 540000
	interceptor.classes = null
	key.serializer = class org.apache.kafka.common.serialization.StringSerializer
	linger.ms = 1
	max.block.ms = 60000
	max.in.flight.requests.per.connection = 5
	max.request.size = 1048576
	metadata.fetch.timeout.ms = 60000
	metadata.max.age.ms = 300000
	metric.reporters = []
	metrics.num.samples = 2
	metrics.sample.window.ms = 30000
	partitioner.class = class org.apache.kafka.clients.producer.internals.DefaultPartitioner
	receive.buffer.bytes = 32768
	reconnect.backoff.ms = 50
	request.timeout.ms = 30000
	retries = 1
	retry.backoff.ms = 100
	sasl.kerberos.kinit.cmd = /usr/bin/kinit
	sasl.kerberos.min.time.before.relogin = 60000
	sasl.kerberos.service.name = null
	sasl.kerberos.ticket.renew.jitter = 0.05
	sasl.kerberos.ticket.renew.window.factor = 0.8
	sasl.mechanism = GSSAPI
	security.protocol = PLAINTEXT
	send.buffer.bytes = 131072
	ssl.cipher.suites = null
	ssl.enabled.protocols = [TLSv1.2, TLSv1.1, TLSv1]
	ssl.endpoint.identification.algorithm = null
	ssl.key.password = null
	ssl.keymanager.algorithm = SunX509
	ssl.keystore.location = null
	ssl.keystore.password = null
	ssl.keystore.type = JKS
	ssl.protocol = TLS
	ssl.provider = null
	ssl.secure.random.implementation = null
	ssl.trustmanager.algorithm = PKIX
	ssl.truststore.location = null
	ssl.truststore.password = null
	ssl.truststore.type = JKS
	timeout.ms = 30000
	value.serializer = class org.apache.kafka.common.serialization.StringSerializer

2017-03-10 15:07:05,153 org.apache.kafka.clients.producer.ProducerConfig (logAll:180) - ProducerConfig values: 
	acks = 1
	batch.size = 16384
	block.on.buffer.full = false
	bootstrap.servers = [10.0.88.30:9092, 10.0.88.41:9092]
	buffer.memory = 33554432
	client.id = producer-1
	compression.type = none
	connections.max.idle.ms = 540000
	interceptor.classes = null
	key.serializer = class org.apache.kafka.common.serialization.StringSerializer
	linger.ms = 1
	max.block.ms = 60000
	max.in.flight.requests.per.connection = 5
	max.request.size = 1048576
	metadata.fetch.timeout.ms = 60000
	metadata.max.age.ms = 300000
	metric.reporters = []
	metrics.num.samples = 2
	metrics.sample.window.ms = 30000
	partitioner.class = class org.apache.kafka.clients.producer.internals.DefaultPartitioner
	receive.buffer.bytes = 32768
	reconnect.backoff.ms = 50
	request.timeout.ms = 30000
	retries = 1
	retry.backoff.ms = 100
	sasl.kerberos.kinit.cmd = /usr/bin/kinit
	sasl.kerberos.min.time.before.relogin = 60000
	sasl.kerberos.service.name = null
	sasl.kerberos.ticket.renew.jitter = 0.05
	sasl.kerberos.ticket.renew.window.factor = 0.8
	sasl.mechanism = GSSAPI
	security.protocol = PLAINTEXT
	send.buffer.bytes = 131072
	ssl.cipher.suites = null
	ssl.enabled.protocols = [TLSv1.2, TLSv1.1, TLSv1]
	ssl.endpoint.identification.algorithm = null
	ssl.key.password = null
	ssl.keymanager.algorithm = SunX509
	ssl.keystore.location = null
	ssl.keystore.password = null
	ssl.keystore.type = JKS
	ssl.protocol = TLS
	ssl.provider = null
	ssl.secure.random.implementation = null
	ssl.trustmanager.algorithm = PKIX
	ssl.truststore.location = null
	ssl.truststore.password = null
	ssl.truststore.type = JKS
	timeout.ms = 30000
	value.serializer = class org.apache.kafka.common.serialization.StringSerializer

2017-03-10 15:07:05,204 org.apache.kafka.clients.producer.ProducerConfig (logUnused:188) - The configuration 'group.id' was supplied but isn't a known config.
2017-03-10 15:07:05,207 org.apache.kafka.common.utils.AppInfoParser (<init>:83) - Kafka version : 0.10.1.0
2017-03-10 15:07:05,208 org.apache.kafka.common.utils.AppInfoParser (<init>:84) - Kafka commitId : 3402a74efb23d1d4
2017-03-16 20:02:24,781 org.springframework.web.context.ContextLoader (initWebApplicationContext:305) - Root WebApplicationContext: initialization started
2017-03-16 20:02:24,899 org.springframework.web.context.support.XmlWebApplicationContext (prepareRefresh:581) - Refreshing Root WebApplicationContext: startup date [Thu Mar 16 20:02:24 CST 2017]; root of context hierarchy
2017-03-16 20:02:24,949 org.springframework.beans.factory.xml.XmlBeanDefinitionReader (loadBeanDefinitions:317) - Loading XML bean definitions from file [D:\myworkspace\KafkaProducer\target\classes\ApplicationContext\dispatcher-servlet.xml]
2017-03-16 20:02:25,257 org.springframework.beans.factory.xml.XmlBeanDefinitionReader (loadBeanDefinitions:317) - Loading XML bean definitions from file [D:\myworkspace\KafkaProducer\target\classes\ApplicationContext\Kafka-producer.xml]
2017-03-16 20:02:25,493 org.springframework.beans.factory.config.PropertyPlaceholderConfigurer (loadProperties:172) - Loading properties file from class path resource [properties/config.properties]
2017-03-16 20:02:25,494 org.springframework.beans.factory.config.PropertyPlaceholderConfigurer (loadProperties:172) - Loading properties file from class path resource [properties/kafka.properties]
2017-03-16 20:02:25,569 org.springframework.context.support.ClassPathXmlApplicationContext (prepareRefresh:581) - Refreshing org.springframework.context.support.ClassPathXmlApplicationContext@7cc8d976: startup date [Thu Mar 16 20:02:25 CST 2017]; root of context hierarchy
2017-03-16 20:02:25,571 org.springframework.beans.factory.xml.XmlBeanDefinitionReader (loadBeanDefinitions:317) - Loading XML bean definitions from class path resource [ApplicationContext/Kafka-producer.xml]
2017-03-16 20:02:25,596 org.springframework.beans.factory.config.PropertyPlaceholderConfigurer (loadProperties:172) - Loading properties file from class path resource [properties/config.properties]
2017-03-16 20:02:25,597 org.springframework.beans.factory.config.PropertyPlaceholderConfigurer (loadProperties:172) - Loading properties file from class path resource [properties/kafka.properties]
2017-03-16 20:02:26,225 org.springframework.web.servlet.mvc.method.annotation.RequestMappingHandlerAdapter (initControllerAdviceCache:534) - Looking for @ControllerAdvice: Root WebApplicationContext: startup date [Thu Mar 16 20:02:24 CST 2017]; root of context hierarchy
2017-03-16 20:02:26,437 org.springframework.web.servlet.mvc.method.annotation.RequestMappingHandlerMapping (register:537) - Mapped "{[/test/testProdecer]}" onto public com.alibaba.fastjson.JSONObject com.ahao.kafka.test.KafkaProducerTest.kafkaProducerTest()
2017-03-16 20:02:26,546 org.springframework.web.servlet.mvc.method.annotation.RequestMappingHandlerAdapter (initControllerAdviceCache:534) - Looking for @ControllerAdvice: Root WebApplicationContext: startup date [Thu Mar 16 20:02:24 CST 2017]; root of context hierarchy
2017-03-16 20:02:26,745 org.springframework.web.context.ContextLoader (initWebApplicationContext:345) - Root WebApplicationContext: initialization completed in 1945 ms
2017-03-16 20:02:26,812 org.springframework.web.servlet.DispatcherServlet (initServletBean:489) - FrameworkServlet 'dispatcher': initialization started
2017-03-16 20:02:26,816 org.springframework.web.context.support.XmlWebApplicationContext (prepareRefresh:581) - Refreshing WebApplicationContext for namespace 'dispatcher-servlet': startup date [Thu Mar 16 20:02:26 CST 2017]; parent: Root WebApplicationContext
2017-03-16 20:02:26,818 org.springframework.beans.factory.xml.XmlBeanDefinitionReader (loadBeanDefinitions:317) - Loading XML bean definitions from class path resource [ApplicationContext/dispatcher-servlet.xml]
2017-03-16 20:02:26,997 org.springframework.web.servlet.mvc.method.annotation.RequestMappingHandlerAdapter (initControllerAdviceCache:534) - Looking for @ControllerAdvice: WebApplicationContext for namespace 'dispatcher-servlet': startup date [Thu Mar 16 20:02:26 CST 2017]; parent: Root WebApplicationContext
2017-03-16 20:02:27,038 org.springframework.web.servlet.mvc.method.annotation.RequestMappingHandlerMapping (register:537) - Mapped "{[/test/testProdecer]}" onto public com.alibaba.fastjson.JSONObject com.ahao.kafka.test.KafkaProducerTest.kafkaProducerTest()
2017-03-16 20:02:27,137 org.springframework.web.servlet.mvc.method.annotation.RequestMappingHandlerAdapter (initControllerAdviceCache:534) - Looking for @ControllerAdvice: WebApplicationContext for namespace 'dispatcher-servlet': startup date [Thu Mar 16 20:02:26 CST 2017]; parent: Root WebApplicationContext
2017-03-16 20:02:27,322 org.springframework.web.servlet.DispatcherServlet (initServletBean:508) - FrameworkServlet 'dispatcher': initialization completed in 510 ms
2017-03-16 20:02:40,111 org.springframework.web.context.ContextLoader (initWebApplicationContext:305) - Root WebApplicationContext: initialization started
2017-03-16 20:02:40,212 org.springframework.web.context.support.XmlWebApplicationContext (prepareRefresh:581) - Refreshing Root WebApplicationContext: startup date [Thu Mar 16 20:02:40 CST 2017]; root of context hierarchy
2017-03-16 20:02:40,259 org.springframework.beans.factory.xml.XmlBeanDefinitionReader (loadBeanDefinitions:317) - Loading XML bean definitions from file [D:\myworkspace\KafkaProducer\target\classes\ApplicationContext\dispatcher-servlet.xml]
2017-03-16 20:02:40,510 org.springframework.beans.factory.xml.XmlBeanDefinitionReader (loadBeanDefinitions:317) - Loading XML bean definitions from file [D:\myworkspace\KafkaProducer\target\classes\ApplicationContext\Kafka-producer.xml]
2017-03-16 20:02:40,684 org.springframework.beans.factory.config.PropertyPlaceholderConfigurer (loadProperties:172) - Loading properties file from class path resource [properties/config.properties]
2017-03-16 20:02:40,685 org.springframework.beans.factory.config.PropertyPlaceholderConfigurer (loadProperties:172) - Loading properties file from class path resource [properties/kafka.properties]
2017-03-16 20:02:40,761 org.springframework.context.support.ClassPathXmlApplicationContext (prepareRefresh:581) - Refreshing org.springframework.context.support.ClassPathXmlApplicationContext@640cf7a2: startup date [Thu Mar 16 20:02:40 CST 2017]; root of context hierarchy
2017-03-16 20:02:40,763 org.springframework.beans.factory.xml.XmlBeanDefinitionReader (loadBeanDefinitions:317) - Loading XML bean definitions from class path resource [ApplicationContext/Kafka-producer.xml]
2017-03-16 20:02:40,790 org.springframework.beans.factory.config.PropertyPlaceholderConfigurer (loadProperties:172) - Loading properties file from class path resource [properties/config.properties]
2017-03-16 20:02:40,791 org.springframework.beans.factory.config.PropertyPlaceholderConfigurer (loadProperties:172) - Loading properties file from class path resource [properties/kafka.properties]
2017-03-16 20:02:41,262 org.springframework.web.servlet.mvc.method.annotation.RequestMappingHandlerAdapter (initControllerAdviceCache:534) - Looking for @ControllerAdvice: Root WebApplicationContext: startup date [Thu Mar 16 20:02:40 CST 2017]; root of context hierarchy
2017-03-16 20:02:41,427 org.springframework.web.servlet.mvc.method.annotation.RequestMappingHandlerMapping (register:537) - Mapped "{[/test/testProdecer]}" onto public com.alibaba.fastjson.JSONObject com.ahao.kafka.test.KafkaProducerTest.kafkaProducerTest()
2017-03-16 20:02:41,545 org.springframework.web.servlet.mvc.method.annotation.RequestMappingHandlerAdapter (initControllerAdviceCache:534) - Looking for @ControllerAdvice: Root WebApplicationContext: startup date [Thu Mar 16 20:02:40 CST 2017]; root of context hierarchy
2017-03-16 20:02:41,756 org.springframework.web.context.ContextLoader (initWebApplicationContext:345) - Root WebApplicationContext: initialization completed in 1643 ms
2017-03-16 20:02:41,827 org.springframework.web.servlet.DispatcherServlet (initServletBean:489) - FrameworkServlet 'dispatcher': initialization started
2017-03-16 20:02:41,832 org.springframework.web.context.support.XmlWebApplicationContext (prepareRefresh:581) - Refreshing WebApplicationContext for namespace 'dispatcher-servlet': startup date [Thu Mar 16 20:02:41 CST 2017]; parent: Root WebApplicationContext
2017-03-16 20:02:41,834 org.springframework.beans.factory.xml.XmlBeanDefinitionReader (loadBeanDefinitions:317) - Loading XML bean definitions from class path resource [ApplicationContext/dispatcher-servlet.xml]
2017-03-16 20:02:42,017 org.springframework.web.servlet.mvc.method.annotation.RequestMappingHandlerAdapter (initControllerAdviceCache:534) - Looking for @ControllerAdvice: WebApplicationContext for namespace 'dispatcher-servlet': startup date [Thu Mar 16 20:02:41 CST 2017]; parent: Root WebApplicationContext
2017-03-16 20:02:42,062 org.springframework.web.servlet.mvc.method.annotation.RequestMappingHandlerMapping (register:537) - Mapped "{[/test/testProdecer]}" onto public com.alibaba.fastjson.JSONObject com.ahao.kafka.test.KafkaProducerTest.kafkaProducerTest()
2017-03-16 20:02:42,166 org.springframework.web.servlet.mvc.method.annotation.RequestMappingHandlerAdapter (initControllerAdviceCache:534) - Looking for @ControllerAdvice: WebApplicationContext for namespace 'dispatcher-servlet': startup date [Thu Mar 16 20:02:41 CST 2017]; parent: Root WebApplicationContext
2017-03-16 20:02:42,358 org.springframework.web.servlet.DispatcherServlet (initServletBean:508) - FrameworkServlet 'dispatcher': initialization completed in 531 ms
2017-03-16 20:03:18,258 org.apache.kafka.clients.producer.ProducerConfig (logAll:180) - ProducerConfig values: 
	acks = 1
	batch.size = 16384
	block.on.buffer.full = false
	bootstrap.servers = [10.0.88.30:9092, 10.0.88.41:9092]
	buffer.memory = 33554432
	client.id = 
	compression.type = none
	connections.max.idle.ms = 540000
	interceptor.classes = null
	key.serializer = class org.apache.kafka.common.serialization.StringSerializer
	linger.ms = 1
	max.block.ms = 60000
	max.in.flight.requests.per.connection = 5
	max.request.size = 1048576
	metadata.fetch.timeout.ms = 60000
	metadata.max.age.ms = 300000
	metric.reporters = []
	metrics.num.samples = 2
	metrics.sample.window.ms = 30000
	partitioner.class = class org.apache.kafka.clients.producer.internals.DefaultPartitioner
	receive.buffer.bytes = 32768
	reconnect.backoff.ms = 50
	request.timeout.ms = 30000
	retries = 1
	retry.backoff.ms = 100
	sasl.kerberos.kinit.cmd = /usr/bin/kinit
	sasl.kerberos.min.time.before.relogin = 60000
	sasl.kerberos.service.name = null
	sasl.kerberos.ticket.renew.jitter = 0.05
	sasl.kerberos.ticket.renew.window.factor = 0.8
	sasl.mechanism = GSSAPI
	security.protocol = PLAINTEXT
	send.buffer.bytes = 131072
	ssl.cipher.suites = null
	ssl.enabled.protocols = [TLSv1.2, TLSv1.1, TLSv1]
	ssl.endpoint.identification.algorithm = null
	ssl.key.password = null
	ssl.keymanager.algorithm = SunX509
	ssl.keystore.location = null
	ssl.keystore.password = null
	ssl.keystore.type = JKS
	ssl.protocol = TLS
	ssl.provider = null
	ssl.secure.random.implementation = null
	ssl.trustmanager.algorithm = PKIX
	ssl.truststore.location = null
	ssl.truststore.password = null
	ssl.truststore.type = JKS
	timeout.ms = 30000
	value.serializer = class org.apache.kafka.common.serialization.StringSerializer

2017-03-16 20:03:18,268 org.apache.kafka.clients.producer.ProducerConfig (logAll:180) - ProducerConfig values: 
	acks = 1
	batch.size = 16384
	block.on.buffer.full = false
	bootstrap.servers = [10.0.88.30:9092, 10.0.88.41:9092]
	buffer.memory = 33554432
	client.id = producer-1
	compression.type = none
	connections.max.idle.ms = 540000
	interceptor.classes = null
	key.serializer = class org.apache.kafka.common.serialization.StringSerializer
	linger.ms = 1
	max.block.ms = 60000
	max.in.flight.requests.per.connection = 5
	max.request.size = 1048576
	metadata.fetch.timeout.ms = 60000
	metadata.max.age.ms = 300000
	metric.reporters = []
	metrics.num.samples = 2
	metrics.sample.window.ms = 30000
	partitioner.class = class org.apache.kafka.clients.producer.internals.DefaultPartitioner
	receive.buffer.bytes = 32768
	reconnect.backoff.ms = 50
	request.timeout.ms = 30000
	retries = 1
	retry.backoff.ms = 100
	sasl.kerberos.kinit.cmd = /usr/bin/kinit
	sasl.kerberos.min.time.before.relogin = 60000
	sasl.kerberos.service.name = null
	sasl.kerberos.ticket.renew.jitter = 0.05
	sasl.kerberos.ticket.renew.window.factor = 0.8
	sasl.mechanism = GSSAPI
	security.protocol = PLAINTEXT
	send.buffer.bytes = 131072
	ssl.cipher.suites = null
	ssl.enabled.protocols = [TLSv1.2, TLSv1.1, TLSv1]
	ssl.endpoint.identification.algorithm = null
	ssl.key.password = null
	ssl.keymanager.algorithm = SunX509
	ssl.keystore.location = null
	ssl.keystore.password = null
	ssl.keystore.type = JKS
	ssl.protocol = TLS
	ssl.provider = null
	ssl.secure.random.implementation = null
	ssl.trustmanager.algorithm = PKIX
	ssl.truststore.location = null
	ssl.truststore.password = null
	ssl.truststore.type = JKS
	timeout.ms = 30000
	value.serializer = class org.apache.kafka.common.serialization.StringSerializer

2017-03-16 20:03:18,329 org.apache.kafka.clients.producer.ProducerConfig (logUnused:188) - The configuration 'group.id' was supplied but isn't a known config.
2017-03-16 20:03:18,332 org.apache.kafka.common.utils.AppInfoParser (<init>:83) - Kafka version : 0.10.1.0
2017-03-16 20:03:18,332 org.apache.kafka.common.utils.AppInfoParser (<init>:84) - Kafka commitId : 3402a74efb23d1d4
2017-03-16 20:03:58,112 org.springframework.web.context.ContextLoader (initWebApplicationContext:305) - Root WebApplicationContext: initialization started
2017-03-16 20:03:58,214 org.springframework.web.context.support.XmlWebApplicationContext (prepareRefresh:581) - Refreshing Root WebApplicationContext: startup date [Thu Mar 16 20:03:58 CST 2017]; root of context hierarchy
2017-03-16 20:03:58,261 org.springframework.beans.factory.xml.XmlBeanDefinitionReader (loadBeanDefinitions:317) - Loading XML bean definitions from file [D:\myworkspace\KafkaProducer\target\classes\ApplicationContext\dispatcher-servlet.xml]
2017-03-16 20:03:58,518 org.springframework.beans.factory.xml.XmlBeanDefinitionReader (loadBeanDefinitions:317) - Loading XML bean definitions from file [D:\myworkspace\KafkaProducer\target\classes\ApplicationContext\Kafka-producer.xml]
2017-03-16 20:03:58,696 org.springframework.beans.factory.config.PropertyPlaceholderConfigurer (loadProperties:172) - Loading properties file from class path resource [properties/config.properties]
2017-03-16 20:03:58,697 org.springframework.beans.factory.config.PropertyPlaceholderConfigurer (loadProperties:172) - Loading properties file from class path resource [properties/kafka.properties]
2017-03-16 20:03:58,770 org.springframework.context.support.ClassPathXmlApplicationContext (prepareRefresh:581) - Refreshing org.springframework.context.support.ClassPathXmlApplicationContext@7eb48cc7: startup date [Thu Mar 16 20:03:58 CST 2017]; root of context hierarchy
2017-03-16 20:03:58,772 org.springframework.beans.factory.xml.XmlBeanDefinitionReader (loadBeanDefinitions:317) - Loading XML bean definitions from class path resource [ApplicationContext/Kafka-producer.xml]
2017-03-16 20:03:58,797 org.springframework.beans.factory.config.PropertyPlaceholderConfigurer (loadProperties:172) - Loading properties file from class path resource [properties/config.properties]
2017-03-16 20:03:58,798 org.springframework.beans.factory.config.PropertyPlaceholderConfigurer (loadProperties:172) - Loading properties file from class path resource [properties/kafka.properties]
2017-03-16 20:03:59,234 org.springframework.web.servlet.mvc.method.annotation.RequestMappingHandlerAdapter (initControllerAdviceCache:534) - Looking for @ControllerAdvice: Root WebApplicationContext: startup date [Thu Mar 16 20:03:58 CST 2017]; root of context hierarchy
2017-03-16 20:03:59,410 org.springframework.web.servlet.mvc.method.annotation.RequestMappingHandlerMapping (register:537) - Mapped "{[/test/testProducer]}" onto public com.alibaba.fastjson.JSONObject com.ahao.kafka.test.KafkaProducerTest.kafkaProducerTest()
2017-03-16 20:03:59,526 org.springframework.web.servlet.mvc.method.annotation.RequestMappingHandlerAdapter (initControllerAdviceCache:534) - Looking for @ControllerAdvice: Root WebApplicationContext: startup date [Thu Mar 16 20:03:58 CST 2017]; root of context hierarchy
2017-03-16 20:03:59,732 org.springframework.web.context.ContextLoader (initWebApplicationContext:345) - Root WebApplicationContext: initialization completed in 1617 ms
2017-03-16 20:03:59,803 org.springframework.web.servlet.DispatcherServlet (initServletBean:489) - FrameworkServlet 'dispatcher': initialization started
2017-03-16 20:03:59,807 org.springframework.web.context.support.XmlWebApplicationContext (prepareRefresh:581) - Refreshing WebApplicationContext for namespace 'dispatcher-servlet': startup date [Thu Mar 16 20:03:59 CST 2017]; parent: Root WebApplicationContext
2017-03-16 20:03:59,809 org.springframework.beans.factory.xml.XmlBeanDefinitionReader (loadBeanDefinitions:317) - Loading XML bean definitions from class path resource [ApplicationContext/dispatcher-servlet.xml]
2017-03-16 20:03:59,990 org.springframework.web.servlet.mvc.method.annotation.RequestMappingHandlerAdapter (initControllerAdviceCache:534) - Looking for @ControllerAdvice: WebApplicationContext for namespace 'dispatcher-servlet': startup date [Thu Mar 16 20:03:59 CST 2017]; parent: Root WebApplicationContext
2017-03-16 20:04:00,034 org.springframework.web.servlet.mvc.method.annotation.RequestMappingHandlerMapping (register:537) - Mapped "{[/test/testProducer]}" onto public com.alibaba.fastjson.JSONObject com.ahao.kafka.test.KafkaProducerTest.kafkaProducerTest()
2017-03-16 20:04:00,131 org.springframework.web.servlet.mvc.method.annotation.RequestMappingHandlerAdapter (initControllerAdviceCache:534) - Looking for @ControllerAdvice: WebApplicationContext for namespace 'dispatcher-servlet': startup date [Thu Mar 16 20:03:59 CST 2017]; parent: Root WebApplicationContext
2017-03-16 20:04:00,315 org.springframework.web.servlet.DispatcherServlet (initServletBean:508) - FrameworkServlet 'dispatcher': initialization completed in 512 ms
2017-03-16 20:04:10,499 org.apache.kafka.clients.producer.ProducerConfig (logAll:180) - ProducerConfig values: 
	acks = 1
	batch.size = 16384
	block.on.buffer.full = false
	bootstrap.servers = [10.0.88.30:9092, 10.0.88.41:9092]
	buffer.memory = 33554432
	client.id = 
	compression.type = none
	connections.max.idle.ms = 540000
	interceptor.classes = null
	key.serializer = class org.apache.kafka.common.serialization.StringSerializer
	linger.ms = 1
	max.block.ms = 60000
	max.in.flight.requests.per.connection = 5
	max.request.size = 1048576
	metadata.fetch.timeout.ms = 60000
	metadata.max.age.ms = 300000
	metric.reporters = []
	metrics.num.samples = 2
	metrics.sample.window.ms = 30000
	partitioner.class = class org.apache.kafka.clients.producer.internals.DefaultPartitioner
	receive.buffer.bytes = 32768
	reconnect.backoff.ms = 50
	request.timeout.ms = 30000
	retries = 1
	retry.backoff.ms = 100
	sasl.kerberos.kinit.cmd = /usr/bin/kinit
	sasl.kerberos.min.time.before.relogin = 60000
	sasl.kerberos.service.name = null
	sasl.kerberos.ticket.renew.jitter = 0.05
	sasl.kerberos.ticket.renew.window.factor = 0.8
	sasl.mechanism = GSSAPI
	security.protocol = PLAINTEXT
	send.buffer.bytes = 131072
	ssl.cipher.suites = null
	ssl.enabled.protocols = [TLSv1.2, TLSv1.1, TLSv1]
	ssl.endpoint.identification.algorithm = null
	ssl.key.password = null
	ssl.keymanager.algorithm = SunX509
	ssl.keystore.location = null
	ssl.keystore.password = null
	ssl.keystore.type = JKS
	ssl.protocol = TLS
	ssl.provider = null
	ssl.secure.random.implementation = null
	ssl.trustmanager.algorithm = PKIX
	ssl.truststore.location = null
	ssl.truststore.password = null
	ssl.truststore.type = JKS
	timeout.ms = 30000
	value.serializer = class org.apache.kafka.common.serialization.StringSerializer

2017-03-16 20:04:10,508 org.apache.kafka.clients.producer.ProducerConfig (logAll:180) - ProducerConfig values: 
	acks = 1
	batch.size = 16384
	block.on.buffer.full = false
	bootstrap.servers = [10.0.88.30:9092, 10.0.88.41:9092]
	buffer.memory = 33554432
	client.id = producer-1
	compression.type = none
	connections.max.idle.ms = 540000
	interceptor.classes = null
	key.serializer = class org.apache.kafka.common.serialization.StringSerializer
	linger.ms = 1
	max.block.ms = 60000
	max.in.flight.requests.per.connection = 5
	max.request.size = 1048576
	metadata.fetch.timeout.ms = 60000
	metadata.max.age.ms = 300000
	metric.reporters = []
	metrics.num.samples = 2
	metrics.sample.window.ms = 30000
	partitioner.class = class org.apache.kafka.clients.producer.internals.DefaultPartitioner
	receive.buffer.bytes = 32768
	reconnect.backoff.ms = 50
	request.timeout.ms = 30000
	retries = 1
	retry.backoff.ms = 100
	sasl.kerberos.kinit.cmd = /usr/bin/kinit
	sasl.kerberos.min.time.before.relogin = 60000
	sasl.kerberos.service.name = null
	sasl.kerberos.ticket.renew.jitter = 0.05
	sasl.kerberos.ticket.renew.window.factor = 0.8
	sasl.mechanism = GSSAPI
	security.protocol = PLAINTEXT
	send.buffer.bytes = 131072
	ssl.cipher.suites = null
	ssl.enabled.protocols = [TLSv1.2, TLSv1.1, TLSv1]
	ssl.endpoint.identification.algorithm = null
	ssl.key.password = null
	ssl.keymanager.algorithm = SunX509
	ssl.keystore.location = null
	ssl.keystore.password = null
	ssl.keystore.type = JKS
	ssl.protocol = TLS
	ssl.provider = null
	ssl.secure.random.implementation = null
	ssl.trustmanager.algorithm = PKIX
	ssl.truststore.location = null
	ssl.truststore.password = null
	ssl.truststore.type = JKS
	timeout.ms = 30000
	value.serializer = class org.apache.kafka.common.serialization.StringSerializer

2017-03-16 20:04:10,569 org.apache.kafka.clients.producer.ProducerConfig (logUnused:188) - The configuration 'group.id' was supplied but isn't a known config.
2017-03-16 20:04:10,571 org.apache.kafka.common.utils.AppInfoParser (<init>:83) - Kafka version : 0.10.1.0
2017-03-16 20:04:10,571 org.apache.kafka.common.utils.AppInfoParser (<init>:84) - Kafka commitId : 3402a74efb23d1d4
2017-03-16 21:37:58,807 org.springframework.web.context.ContextLoader (initWebApplicationContext:305) - Root WebApplicationContext: initialization started
2017-03-16 21:37:58,907 org.springframework.web.context.support.XmlWebApplicationContext (prepareRefresh:581) - Refreshing Root WebApplicationContext: startup date [Thu Mar 16 21:37:58 CST 2017]; root of context hierarchy
2017-03-16 21:37:58,954 org.springframework.beans.factory.xml.XmlBeanDefinitionReader (loadBeanDefinitions:317) - Loading XML bean definitions from file [D:\myworkspace\KafkaProducer\target\classes\ApplicationContext\dispatcher-servlet.xml]
2017-03-16 21:37:59,202 org.springframework.beans.factory.xml.XmlBeanDefinitionReader (loadBeanDefinitions:317) - Loading XML bean definitions from file [D:\myworkspace\KafkaProducer\target\classes\ApplicationContext\Kafka-producer.xml]
2017-03-16 21:37:59,382 org.springframework.beans.factory.config.PropertyPlaceholderConfigurer (loadProperties:172) - Loading properties file from class path resource [properties/config.properties]
2017-03-16 21:37:59,382 org.springframework.beans.factory.config.PropertyPlaceholderConfigurer (loadProperties:172) - Loading properties file from class path resource [properties/kafka.properties]
2017-03-16 21:37:59,465 org.springframework.context.support.ClassPathXmlApplicationContext (prepareRefresh:581) - Refreshing org.springframework.context.support.ClassPathXmlApplicationContext@7085ad86: startup date [Thu Mar 16 21:37:59 CST 2017]; root of context hierarchy
2017-03-16 21:37:59,467 org.springframework.beans.factory.xml.XmlBeanDefinitionReader (loadBeanDefinitions:317) - Loading XML bean definitions from class path resource [ApplicationContext/Kafka-producer.xml]
2017-03-16 21:37:59,495 org.springframework.beans.factory.config.PropertyPlaceholderConfigurer (loadProperties:172) - Loading properties file from class path resource [properties/config.properties]
2017-03-16 21:37:59,496 org.springframework.beans.factory.config.PropertyPlaceholderConfigurer (loadProperties:172) - Loading properties file from class path resource [properties/kafka.properties]
2017-03-16 21:37:59,576 com.ahao.kafka.test.PropertyConfigUtil (<init>:38) - get propertiesPath=properties/kafka.properties
2017-03-16 21:37:59,577 com.ahao.kafka.test.PropertyConfigUtil (<init>:41) - get url=file:/D:/myworkspace/KafkaProducer/target/classes/properties/kafka.properties
2017-03-16 21:37:59,971 org.springframework.web.servlet.mvc.method.annotation.RequestMappingHandlerAdapter (initControllerAdviceCache:534) - Looking for @ControllerAdvice: Root WebApplicationContext: startup date [Thu Mar 16 21:37:58 CST 2017]; root of context hierarchy
2017-03-16 21:38:00,135 org.springframework.web.servlet.mvc.method.annotation.RequestMappingHandlerMapping (register:537) - Mapped "{[/test/testPartitionProducer]}" onto public com.alibaba.fastjson.JSONObject com.ahao.kafka.test.KafkaProducerTest.kafkaPartitionProducerTest()
2017-03-16 21:38:00,137 org.springframework.web.servlet.mvc.method.annotation.RequestMappingHandlerMapping (register:537) - Mapped "{[/test/testNormalProducer]}" onto public com.alibaba.fastjson.JSONObject com.ahao.kafka.test.KafkaProducerTest.kafkaProducerTest()
2017-03-16 21:38:00,251 org.springframework.web.servlet.mvc.method.annotation.RequestMappingHandlerAdapter (initControllerAdviceCache:534) - Looking for @ControllerAdvice: Root WebApplicationContext: startup date [Thu Mar 16 21:37:58 CST 2017]; root of context hierarchy
2017-03-16 21:38:00,467 org.springframework.web.context.ContextLoader (initWebApplicationContext:345) - Root WebApplicationContext: initialization completed in 1657 ms
2017-03-16 21:38:00,546 org.springframework.web.servlet.DispatcherServlet (initServletBean:489) - FrameworkServlet 'dispatcher': initialization started
2017-03-16 21:38:00,550 org.springframework.web.context.support.XmlWebApplicationContext (prepareRefresh:581) - Refreshing WebApplicationContext for namespace 'dispatcher-servlet': startup date [Thu Mar 16 21:38:00 CST 2017]; parent: Root WebApplicationContext
2017-03-16 21:38:00,551 org.springframework.beans.factory.xml.XmlBeanDefinitionReader (loadBeanDefinitions:317) - Loading XML bean definitions from class path resource [ApplicationContext/dispatcher-servlet.xml]
2017-03-16 21:38:00,735 org.springframework.web.servlet.mvc.method.annotation.RequestMappingHandlerAdapter (initControllerAdviceCache:534) - Looking for @ControllerAdvice: WebApplicationContext for namespace 'dispatcher-servlet': startup date [Thu Mar 16 21:38:00 CST 2017]; parent: Root WebApplicationContext
2017-03-16 21:38:00,777 org.springframework.web.servlet.mvc.method.annotation.RequestMappingHandlerMapping (register:537) - Mapped "{[/test/testPartitionProducer]}" onto public com.alibaba.fastjson.JSONObject com.ahao.kafka.test.KafkaProducerTest.kafkaPartitionProducerTest()
2017-03-16 21:38:00,778 org.springframework.web.servlet.mvc.method.annotation.RequestMappingHandlerMapping (register:537) - Mapped "{[/test/testNormalProducer]}" onto public com.alibaba.fastjson.JSONObject com.ahao.kafka.test.KafkaProducerTest.kafkaProducerTest()
2017-03-16 21:38:00,872 org.springframework.web.servlet.mvc.method.annotation.RequestMappingHandlerAdapter (initControllerAdviceCache:534) - Looking for @ControllerAdvice: WebApplicationContext for namespace 'dispatcher-servlet': startup date [Thu Mar 16 21:38:00 CST 2017]; parent: Root WebApplicationContext
2017-03-16 21:38:01,053 org.springframework.web.servlet.DispatcherServlet (initServletBean:508) - FrameworkServlet 'dispatcher': initialization completed in 507 ms
2017-03-16 21:38:56,267 org.springframework.web.context.ContextLoader (initWebApplicationContext:305) - Root WebApplicationContext: initialization started
2017-03-16 21:38:56,374 org.springframework.web.context.support.XmlWebApplicationContext (prepareRefresh:581) - Refreshing Root WebApplicationContext: startup date [Thu Mar 16 21:38:56 CST 2017]; root of context hierarchy
2017-03-16 21:38:56,424 org.springframework.beans.factory.xml.XmlBeanDefinitionReader (loadBeanDefinitions:317) - Loading XML bean definitions from file [D:\myworkspace\KafkaProducer\target\classes\ApplicationContext\dispatcher-servlet.xml]
2017-03-16 21:38:56,692 org.springframework.beans.factory.xml.XmlBeanDefinitionReader (loadBeanDefinitions:317) - Loading XML bean definitions from file [D:\myworkspace\KafkaProducer\target\classes\ApplicationContext\Kafka-producer.xml]
2017-03-16 21:38:56,879 org.springframework.beans.factory.config.PropertyPlaceholderConfigurer (loadProperties:172) - Loading properties file from class path resource [properties/config.properties]
2017-03-16 21:38:56,879 org.springframework.beans.factory.config.PropertyPlaceholderConfigurer (loadProperties:172) - Loading properties file from class path resource [properties/kafka.properties]
2017-03-16 21:38:56,975 org.springframework.context.support.ClassPathXmlApplicationContext (prepareRefresh:581) - Refreshing org.springframework.context.support.ClassPathXmlApplicationContext@7037a0f3: startup date [Thu Mar 16 21:38:56 CST 2017]; root of context hierarchy
2017-03-16 21:38:56,978 org.springframework.beans.factory.xml.XmlBeanDefinitionReader (loadBeanDefinitions:317) - Loading XML bean definitions from class path resource [ApplicationContext/Kafka-producer.xml]
2017-03-16 21:38:57,008 org.springframework.beans.factory.config.PropertyPlaceholderConfigurer (loadProperties:172) - Loading properties file from class path resource [properties/config.properties]
2017-03-16 21:38:57,009 org.springframework.beans.factory.config.PropertyPlaceholderConfigurer (loadProperties:172) - Loading properties file from class path resource [properties/kafka.properties]
2017-03-16 21:38:57,075 com.ahao.kafka.test.PropertyConfigUtil (<init>:38) - get propertiesPath=properties/kafka.properties
2017-03-16 21:38:57,075 com.ahao.kafka.test.PropertyConfigUtil (<init>:41) - get url=file:/D:/myworkspace/KafkaProducer/target/classes/properties/kafka.properties
2017-03-16 21:38:57,485 org.springframework.web.servlet.mvc.method.annotation.RequestMappingHandlerAdapter (initControllerAdviceCache:534) - Looking for @ControllerAdvice: Root WebApplicationContext: startup date [Thu Mar 16 21:38:56 CST 2017]; root of context hierarchy
2017-03-16 21:38:57,678 org.springframework.web.servlet.mvc.method.annotation.RequestMappingHandlerMapping (register:537) - Mapped "{[/test/testPartitionProducer]}" onto public com.alibaba.fastjson.JSONObject com.ahao.kafka.test.KafkaProducerTest.kafkaPartitionProducerTest()
2017-03-16 21:38:57,679 org.springframework.web.servlet.mvc.method.annotation.RequestMappingHandlerMapping (register:537) - Mapped "{[/test/testNormalProducer]}" onto public com.alibaba.fastjson.JSONObject com.ahao.kafka.test.KafkaProducerTest.kafkaProducerTest()
2017-03-16 21:38:57,793 org.springframework.web.servlet.mvc.method.annotation.RequestMappingHandlerAdapter (initControllerAdviceCache:534) - Looking for @ControllerAdvice: Root WebApplicationContext: startup date [Thu Mar 16 21:38:56 CST 2017]; root of context hierarchy
2017-03-16 21:38:58,009 org.springframework.web.context.ContextLoader (initWebApplicationContext:345) - Root WebApplicationContext: initialization completed in 1738 ms
2017-03-16 21:38:58,091 org.springframework.web.servlet.DispatcherServlet (initServletBean:489) - FrameworkServlet 'dispatcher': initialization started
2017-03-16 21:38:58,095 org.springframework.web.context.support.XmlWebApplicationContext (prepareRefresh:581) - Refreshing WebApplicationContext for namespace 'dispatcher-servlet': startup date [Thu Mar 16 21:38:58 CST 2017]; parent: Root WebApplicationContext
2017-03-16 21:38:58,096 org.springframework.beans.factory.xml.XmlBeanDefinitionReader (loadBeanDefinitions:317) - Loading XML bean definitions from class path resource [ApplicationContext/dispatcher-servlet.xml]
2017-03-16 21:38:58,294 org.springframework.web.servlet.mvc.method.annotation.RequestMappingHandlerAdapter (initControllerAdviceCache:534) - Looking for @ControllerAdvice: WebApplicationContext for namespace 'dispatcher-servlet': startup date [Thu Mar 16 21:38:58 CST 2017]; parent: Root WebApplicationContext
2017-03-16 21:38:58,335 org.springframework.web.servlet.mvc.method.annotation.RequestMappingHandlerMapping (register:537) - Mapped "{[/test/testPartitionProducer]}" onto public com.alibaba.fastjson.JSONObject com.ahao.kafka.test.KafkaProducerTest.kafkaPartitionProducerTest()
2017-03-16 21:38:58,335 org.springframework.web.servlet.mvc.method.annotation.RequestMappingHandlerMapping (register:537) - Mapped "{[/test/testNormalProducer]}" onto public com.alibaba.fastjson.JSONObject com.ahao.kafka.test.KafkaProducerTest.kafkaProducerTest()
2017-03-16 21:38:58,430 org.springframework.web.servlet.mvc.method.annotation.RequestMappingHandlerAdapter (initControllerAdviceCache:534) - Looking for @ControllerAdvice: WebApplicationContext for namespace 'dispatcher-servlet': startup date [Thu Mar 16 21:38:58 CST 2017]; parent: Root WebApplicationContext
2017-03-16 21:38:58,613 org.springframework.web.servlet.DispatcherServlet (initServletBean:508) - FrameworkServlet 'dispatcher': initialization completed in 522 ms
2017-03-16 21:42:19,748 org.apache.kafka.clients.producer.ProducerConfig (logAll:180) - ProducerConfig values: 
	acks = 1
	batch.size = 16384
	block.on.buffer.full = false
	bootstrap.servers = [10.0.88.30:9092, 10.0.88.41:9092]
	buffer.memory = 33554432
	client.id = 
	compression.type = none
	connections.max.idle.ms = 540000
	interceptor.classes = null
	key.serializer = class org.apache.kafka.common.serialization.StringSerializer
	linger.ms = 1
	max.block.ms = 60000
	max.in.flight.requests.per.connection = 5
	max.request.size = 1048576
	metadata.fetch.timeout.ms = 60000
	metadata.max.age.ms = 300000
	metric.reporters = []
	metrics.num.samples = 2
	metrics.sample.window.ms = 30000
	partitioner.class = class org.apache.kafka.clients.producer.internals.DefaultPartitioner
	receive.buffer.bytes = 32768
	reconnect.backoff.ms = 50
	request.timeout.ms = 30000
	retries = 1
	retry.backoff.ms = 100
	sasl.kerberos.kinit.cmd = /usr/bin/kinit
	sasl.kerberos.min.time.before.relogin = 60000
	sasl.kerberos.service.name = null
	sasl.kerberos.ticket.renew.jitter = 0.05
	sasl.kerberos.ticket.renew.window.factor = 0.8
	sasl.mechanism = GSSAPI
	security.protocol = PLAINTEXT
	send.buffer.bytes = 131072
	ssl.cipher.suites = null
	ssl.enabled.protocols = [TLSv1.2, TLSv1.1, TLSv1]
	ssl.endpoint.identification.algorithm = null
	ssl.key.password = null
	ssl.keymanager.algorithm = SunX509
	ssl.keystore.location = null
	ssl.keystore.password = null
	ssl.keystore.type = JKS
	ssl.protocol = TLS
	ssl.provider = null
	ssl.secure.random.implementation = null
	ssl.trustmanager.algorithm = PKIX
	ssl.truststore.location = null
	ssl.truststore.password = null
	ssl.truststore.type = JKS
	timeout.ms = 30000
	value.serializer = class org.apache.kafka.common.serialization.StringSerializer

2017-03-16 21:42:19,757 org.apache.kafka.clients.producer.ProducerConfig (logAll:180) - ProducerConfig values: 
	acks = 1
	batch.size = 16384
	block.on.buffer.full = false
	bootstrap.servers = [10.0.88.30:9092, 10.0.88.41:9092]
	buffer.memory = 33554432
	client.id = producer-1
	compression.type = none
	connections.max.idle.ms = 540000
	interceptor.classes = null
	key.serializer = class org.apache.kafka.common.serialization.StringSerializer
	linger.ms = 1
	max.block.ms = 60000
	max.in.flight.requests.per.connection = 5
	max.request.size = 1048576
	metadata.fetch.timeout.ms = 60000
	metadata.max.age.ms = 300000
	metric.reporters = []
	metrics.num.samples = 2
	metrics.sample.window.ms = 30000
	partitioner.class = class org.apache.kafka.clients.producer.internals.DefaultPartitioner
	receive.buffer.bytes = 32768
	reconnect.backoff.ms = 50
	request.timeout.ms = 30000
	retries = 1
	retry.backoff.ms = 100
	sasl.kerberos.kinit.cmd = /usr/bin/kinit
	sasl.kerberos.min.time.before.relogin = 60000
	sasl.kerberos.service.name = null
	sasl.kerberos.ticket.renew.jitter = 0.05
	sasl.kerberos.ticket.renew.window.factor = 0.8
	sasl.mechanism = GSSAPI
	security.protocol = PLAINTEXT
	send.buffer.bytes = 131072
	ssl.cipher.suites = null
	ssl.enabled.protocols = [TLSv1.2, TLSv1.1, TLSv1]
	ssl.endpoint.identification.algorithm = null
	ssl.key.password = null
	ssl.keymanager.algorithm = SunX509
	ssl.keystore.location = null
	ssl.keystore.password = null
	ssl.keystore.type = JKS
	ssl.protocol = TLS
	ssl.provider = null
	ssl.secure.random.implementation = null
	ssl.trustmanager.algorithm = PKIX
	ssl.truststore.location = null
	ssl.truststore.password = null
	ssl.truststore.type = JKS
	timeout.ms = 30000
	value.serializer = class org.apache.kafka.common.serialization.StringSerializer

2017-03-16 21:42:19,809 org.apache.kafka.clients.producer.ProducerConfig (logUnused:188) - The configuration 'group.id' was supplied but isn't a known config.
2017-03-16 21:42:19,811 org.apache.kafka.common.utils.AppInfoParser (<init>:83) - Kafka version : 0.10.1.0
2017-03-16 21:42:19,811 org.apache.kafka.common.utils.AppInfoParser (<init>:84) - Kafka commitId : 3402a74efb23d1d4
2017-03-17 09:44:51,821 org.springframework.web.context.ContextLoader (initWebApplicationContext:305) - Root WebApplicationContext: initialization started
2017-03-17 09:44:51,938 org.springframework.web.context.support.XmlWebApplicationContext (prepareRefresh:581) - Refreshing Root WebApplicationContext: startup date [Fri Mar 17 09:44:51 CST 2017]; root of context hierarchy
2017-03-17 09:44:51,985 org.springframework.beans.factory.xml.XmlBeanDefinitionReader (loadBeanDefinitions:317) - Loading XML bean definitions from file [D:\myworkspace\KafkaProducer\target\classes\ApplicationContext\dispatcher-servlet.xml]
2017-03-17 09:44:52,233 org.springframework.beans.factory.xml.XmlBeanDefinitionReader (loadBeanDefinitions:317) - Loading XML bean definitions from file [D:\myworkspace\KafkaProducer\target\classes\ApplicationContext\Kafka-producer.xml]
2017-03-17 09:44:52,519 org.springframework.beans.factory.config.PropertyPlaceholderConfigurer (loadProperties:172) - Loading properties file from class path resource [properties/config.properties]
2017-03-17 09:44:52,520 org.springframework.beans.factory.config.PropertyPlaceholderConfigurer (loadProperties:172) - Loading properties file from class path resource [properties/kafka.properties]
2017-03-17 09:44:52,604 org.springframework.context.support.ClassPathXmlApplicationContext (prepareRefresh:581) - Refreshing org.springframework.context.support.ClassPathXmlApplicationContext@3d85a0b9: startup date [Fri Mar 17 09:44:52 CST 2017]; root of context hierarchy
2017-03-17 09:44:52,606 org.springframework.beans.factory.xml.XmlBeanDefinitionReader (loadBeanDefinitions:317) - Loading XML bean definitions from class path resource [ApplicationContext/Kafka-producer.xml]
2017-03-17 09:44:52,634 org.springframework.beans.factory.config.PropertyPlaceholderConfigurer (loadProperties:172) - Loading properties file from class path resource [properties/config.properties]
2017-03-17 09:44:52,635 org.springframework.beans.factory.config.PropertyPlaceholderConfigurer (loadProperties:172) - Loading properties file from class path resource [properties/kafka.properties]
2017-03-17 09:44:52,731 com.ahao.kafka.test.PropertyConfigUtil (<init>:38) - get propertiesPath=properties/kafka.properties
2017-03-17 09:44:52,732 com.ahao.kafka.test.PropertyConfigUtil (<init>:41) - get url=file:/D:/myworkspace/KafkaProducer/target/classes/properties/kafka.properties
2017-03-17 09:44:53,138 org.springframework.web.servlet.mvc.method.annotation.RequestMappingHandlerAdapter (initControllerAdviceCache:534) - Looking for @ControllerAdvice: Root WebApplicationContext: startup date [Fri Mar 17 09:44:51 CST 2017]; root of context hierarchy
2017-03-17 09:44:53,309 org.springframework.web.servlet.mvc.method.annotation.RequestMappingHandlerMapping (register:537) - Mapped "{[/test/testPartitionProducer]}" onto public com.alibaba.fastjson.JSONObject com.ahao.kafka.test.KafkaProducerTest.kafkaPartitionProducerTest()
2017-03-17 09:44:53,310 org.springframework.web.servlet.mvc.method.annotation.RequestMappingHandlerMapping (register:537) - Mapped "{[/test/testNormalProducer]}" onto public com.alibaba.fastjson.JSONObject com.ahao.kafka.test.KafkaProducerTest.kafkaProducerTest()
2017-03-17 09:44:53,429 org.springframework.web.servlet.mvc.method.annotation.RequestMappingHandlerAdapter (initControllerAdviceCache:534) - Looking for @ControllerAdvice: Root WebApplicationContext: startup date [Fri Mar 17 09:44:51 CST 2017]; root of context hierarchy
2017-03-17 09:44:53,641 org.springframework.web.context.ContextLoader (initWebApplicationContext:345) - Root WebApplicationContext: initialization completed in 1801 ms
2017-03-17 09:44:53,715 org.springframework.web.servlet.DispatcherServlet (initServletBean:489) - FrameworkServlet 'dispatcher': initialization started
2017-03-17 09:44:53,719 org.springframework.web.context.support.XmlWebApplicationContext (prepareRefresh:581) - Refreshing WebApplicationContext for namespace 'dispatcher-servlet': startup date [Fri Mar 17 09:44:53 CST 2017]; parent: Root WebApplicationContext
2017-03-17 09:44:53,720 org.springframework.beans.factory.xml.XmlBeanDefinitionReader (loadBeanDefinitions:317) - Loading XML bean definitions from class path resource [ApplicationContext/dispatcher-servlet.xml]
2017-03-17 09:44:53,905 org.springframework.web.servlet.mvc.method.annotation.RequestMappingHandlerAdapter (initControllerAdviceCache:534) - Looking for @ControllerAdvice: WebApplicationContext for namespace 'dispatcher-servlet': startup date [Fri Mar 17 09:44:53 CST 2017]; parent: Root WebApplicationContext
2017-03-17 09:44:53,947 org.springframework.web.servlet.mvc.method.annotation.RequestMappingHandlerMapping (register:537) - Mapped "{[/test/testPartitionProducer]}" onto public com.alibaba.fastjson.JSONObject com.ahao.kafka.test.KafkaProducerTest.kafkaPartitionProducerTest()
2017-03-17 09:44:53,948 org.springframework.web.servlet.mvc.method.annotation.RequestMappingHandlerMapping (register:537) - Mapped "{[/test/testNormalProducer]}" onto public com.alibaba.fastjson.JSONObject com.ahao.kafka.test.KafkaProducerTest.kafkaProducerTest()
2017-03-17 09:44:54,041 org.springframework.web.servlet.mvc.method.annotation.RequestMappingHandlerAdapter (initControllerAdviceCache:534) - Looking for @ControllerAdvice: WebApplicationContext for namespace 'dispatcher-servlet': startup date [Fri Mar 17 09:44:53 CST 2017]; parent: Root WebApplicationContext
2017-03-17 09:44:54,226 org.springframework.web.servlet.DispatcherServlet (initServletBean:508) - FrameworkServlet 'dispatcher': initialization completed in 511 ms
2017-03-17 09:45:21,567 org.apache.kafka.clients.producer.ProducerConfig (logAll:180) - ProducerConfig values: 
	acks = 1
	batch.size = 16384
	block.on.buffer.full = false
	bootstrap.servers = [10.0.88.30:9092, 10.0.88.41:9092]
	buffer.memory = 33554432
	client.id = 
	compression.type = none
	connections.max.idle.ms = 540000
	interceptor.classes = null
	key.serializer = class org.apache.kafka.common.serialization.StringSerializer
	linger.ms = 1
	max.block.ms = 60000
	max.in.flight.requests.per.connection = 5
	max.request.size = 1048576
	metadata.fetch.timeout.ms = 60000
	metadata.max.age.ms = 300000
	metric.reporters = []
	metrics.num.samples = 2
	metrics.sample.window.ms = 30000
	partitioner.class = class org.apache.kafka.clients.producer.internals.DefaultPartitioner
	receive.buffer.bytes = 32768
	reconnect.backoff.ms = 50
	request.timeout.ms = 30000
	retries = 1
	retry.backoff.ms = 100
	sasl.kerberos.kinit.cmd = /usr/bin/kinit
	sasl.kerberos.min.time.before.relogin = 60000
	sasl.kerberos.service.name = null
	sasl.kerberos.ticket.renew.jitter = 0.05
	sasl.kerberos.ticket.renew.window.factor = 0.8
	sasl.mechanism = GSSAPI
	security.protocol = PLAINTEXT
	send.buffer.bytes = 131072
	ssl.cipher.suites = null
	ssl.enabled.protocols = [TLSv1.2, TLSv1.1, TLSv1]
	ssl.endpoint.identification.algorithm = null
	ssl.key.password = null
	ssl.keymanager.algorithm = SunX509
	ssl.keystore.location = null
	ssl.keystore.password = null
	ssl.keystore.type = JKS
	ssl.protocol = TLS
	ssl.provider = null
	ssl.secure.random.implementation = null
	ssl.trustmanager.algorithm = PKIX
	ssl.truststore.location = null
	ssl.truststore.password = null
	ssl.truststore.type = JKS
	timeout.ms = 30000
	value.serializer = class org.apache.kafka.common.serialization.StringSerializer

2017-03-17 09:45:21,577 org.apache.kafka.clients.producer.ProducerConfig (logAll:180) - ProducerConfig values: 
	acks = 1
	batch.size = 16384
	block.on.buffer.full = false
	bootstrap.servers = [10.0.88.30:9092, 10.0.88.41:9092]
	buffer.memory = 33554432
	client.id = producer-1
	compression.type = none
	connections.max.idle.ms = 540000
	interceptor.classes = null
	key.serializer = class org.apache.kafka.common.serialization.StringSerializer
	linger.ms = 1
	max.block.ms = 60000
	max.in.flight.requests.per.connection = 5
	max.request.size = 1048576
	metadata.fetch.timeout.ms = 60000
	metadata.max.age.ms = 300000
	metric.reporters = []
	metrics.num.samples = 2
	metrics.sample.window.ms = 30000
	partitioner.class = class org.apache.kafka.clients.producer.internals.DefaultPartitioner
	receive.buffer.bytes = 32768
	reconnect.backoff.ms = 50
	request.timeout.ms = 30000
	retries = 1
	retry.backoff.ms = 100
	sasl.kerberos.kinit.cmd = /usr/bin/kinit
	sasl.kerberos.min.time.before.relogin = 60000
	sasl.kerberos.service.name = null
	sasl.kerberos.ticket.renew.jitter = 0.05
	sasl.kerberos.ticket.renew.window.factor = 0.8
	sasl.mechanism = GSSAPI
	security.protocol = PLAINTEXT
	send.buffer.bytes = 131072
	ssl.cipher.suites = null
	ssl.enabled.protocols = [TLSv1.2, TLSv1.1, TLSv1]
	ssl.endpoint.identification.algorithm = null
	ssl.key.password = null
	ssl.keymanager.algorithm = SunX509
	ssl.keystore.location = null
	ssl.keystore.password = null
	ssl.keystore.type = JKS
	ssl.protocol = TLS
	ssl.provider = null
	ssl.secure.random.implementation = null
	ssl.trustmanager.algorithm = PKIX
	ssl.truststore.location = null
	ssl.truststore.password = null
	ssl.truststore.type = JKS
	timeout.ms = 30000
	value.serializer = class org.apache.kafka.common.serialization.StringSerializer

2017-03-17 09:45:21,632 org.apache.kafka.clients.producer.ProducerConfig (logUnused:188) - The configuration 'group.id' was supplied but isn't a known config.
2017-03-17 09:45:21,634 org.apache.kafka.common.utils.AppInfoParser (<init>:83) - Kafka version : 0.10.1.0
2017-03-17 09:45:21,634 org.apache.kafka.common.utils.AppInfoParser (<init>:84) - Kafka commitId : 3402a74efb23d1d4
2017-03-17 09:52:45,653 org.springframework.web.context.ContextLoader (initWebApplicationContext:305) - Root WebApplicationContext: initialization started
2017-03-17 09:52:45,756 org.springframework.web.context.support.XmlWebApplicationContext (prepareRefresh:581) - Refreshing Root WebApplicationContext: startup date [Fri Mar 17 09:52:45 CST 2017]; root of context hierarchy
2017-03-17 09:52:45,804 org.springframework.beans.factory.xml.XmlBeanDefinitionReader (loadBeanDefinitions:317) - Loading XML bean definitions from file [D:\myworkspace\KafkaProducer\target\classes\ApplicationContext\dispatcher-servlet.xml]
2017-03-17 09:52:46,071 org.springframework.beans.factory.xml.XmlBeanDefinitionReader (loadBeanDefinitions:317) - Loading XML bean definitions from file [D:\myworkspace\KafkaProducer\target\classes\ApplicationContext\Kafka-producer.xml]
2017-03-17 09:52:46,252 org.springframework.beans.factory.config.PropertyPlaceholderConfigurer (loadProperties:172) - Loading properties file from class path resource [properties/config.properties]
2017-03-17 09:52:46,253 org.springframework.beans.factory.config.PropertyPlaceholderConfigurer (loadProperties:172) - Loading properties file from class path resource [properties/kafka.properties]
2017-03-17 09:52:46,338 org.springframework.context.support.ClassPathXmlApplicationContext (prepareRefresh:581) - Refreshing org.springframework.context.support.ClassPathXmlApplicationContext@71a79ffb: startup date [Fri Mar 17 09:52:46 CST 2017]; root of context hierarchy
2017-03-17 09:52:46,341 org.springframework.beans.factory.xml.XmlBeanDefinitionReader (loadBeanDefinitions:317) - Loading XML bean definitions from class path resource [ApplicationContext/Kafka-producer.xml]
2017-03-17 09:52:46,369 org.springframework.beans.factory.config.PropertyPlaceholderConfigurer (loadProperties:172) - Loading properties file from class path resource [properties/config.properties]
2017-03-17 09:52:46,370 org.springframework.beans.factory.config.PropertyPlaceholderConfigurer (loadProperties:172) - Loading properties file from class path resource [properties/kafka.properties]
2017-03-17 09:52:46,432 com.ahao.kafka.test.PropertyConfigUtil (<init>:38) - get propertiesPath=properties/kafka.properties
2017-03-17 09:52:46,432 com.ahao.kafka.test.PropertyConfigUtil (<init>:41) - get url=file:/D:/myworkspace/KafkaProducer/target/classes/properties/kafka.properties
2017-03-17 09:52:46,836 org.springframework.web.servlet.mvc.method.annotation.RequestMappingHandlerAdapter (initControllerAdviceCache:534) - Looking for @ControllerAdvice: Root WebApplicationContext: startup date [Fri Mar 17 09:52:45 CST 2017]; root of context hierarchy
2017-03-17 09:52:47,075 org.springframework.web.servlet.mvc.method.annotation.RequestMappingHandlerMapping (register:537) - Mapped "{[/test/testPartitionProducer]}" onto public com.alibaba.fastjson.JSONObject com.ahao.kafka.test.KafkaProducerTest.kafkaPartitionProducerTest()
2017-03-17 09:52:47,078 org.springframework.web.servlet.mvc.method.annotation.RequestMappingHandlerMapping (register:537) - Mapped "{[/test/testNormalProducer]}" onto public com.alibaba.fastjson.JSONObject com.ahao.kafka.test.KafkaProducerTest.kafkaProducerTest()
2017-03-17 09:52:47,196 org.springframework.web.servlet.mvc.method.annotation.RequestMappingHandlerAdapter (initControllerAdviceCache:534) - Looking for @ControllerAdvice: Root WebApplicationContext: startup date [Fri Mar 17 09:52:45 CST 2017]; root of context hierarchy
2017-03-17 09:52:47,413 org.springframework.web.context.ContextLoader (initWebApplicationContext:345) - Root WebApplicationContext: initialization completed in 1757 ms
2017-03-17 09:52:47,486 org.springframework.web.servlet.DispatcherServlet (initServletBean:489) - FrameworkServlet 'dispatcher': initialization started
2017-03-17 09:52:47,491 org.springframework.web.context.support.XmlWebApplicationContext (prepareRefresh:581) - Refreshing WebApplicationContext for namespace 'dispatcher-servlet': startup date [Fri Mar 17 09:52:47 CST 2017]; parent: Root WebApplicationContext
2017-03-17 09:52:47,492 org.springframework.beans.factory.xml.XmlBeanDefinitionReader (loadBeanDefinitions:317) - Loading XML bean definitions from class path resource [ApplicationContext/dispatcher-servlet.xml]
2017-03-17 09:52:47,671 org.springframework.web.servlet.mvc.method.annotation.RequestMappingHandlerAdapter (initControllerAdviceCache:534) - Looking for @ControllerAdvice: WebApplicationContext for namespace 'dispatcher-servlet': startup date [Fri Mar 17 09:52:47 CST 2017]; parent: Root WebApplicationContext
2017-03-17 09:52:47,714 org.springframework.web.servlet.mvc.method.annotation.RequestMappingHandlerMapping (register:537) - Mapped "{[/test/testPartitionProducer]}" onto public com.alibaba.fastjson.JSONObject com.ahao.kafka.test.KafkaProducerTest.kafkaPartitionProducerTest()
2017-03-17 09:52:47,715 org.springframework.web.servlet.mvc.method.annotation.RequestMappingHandlerMapping (register:537) - Mapped "{[/test/testNormalProducer]}" onto public com.alibaba.fastjson.JSONObject com.ahao.kafka.test.KafkaProducerTest.kafkaProducerTest()
2017-03-17 09:52:47,819 org.springframework.web.servlet.mvc.method.annotation.RequestMappingHandlerAdapter (initControllerAdviceCache:534) - Looking for @ControllerAdvice: WebApplicationContext for namespace 'dispatcher-servlet': startup date [Fri Mar 17 09:52:47 CST 2017]; parent: Root WebApplicationContext
2017-03-17 09:52:47,999 org.springframework.web.servlet.DispatcherServlet (initServletBean:508) - FrameworkServlet 'dispatcher': initialization completed in 512 ms
2017-03-17 09:53:14,113 org.apache.kafka.clients.producer.ProducerConfig (logAll:180) - ProducerConfig values: 
	acks = 1
	batch.size = 16384
	block.on.buffer.full = false
	bootstrap.servers = [10.0.88.30:9092, 10.0.88.41:9092]
	buffer.memory = 33554432
	client.id = 
	compression.type = none
	connections.max.idle.ms = 540000
	interceptor.classes = null
	key.serializer = class org.apache.kafka.common.serialization.StringSerializer
	linger.ms = 1
	max.block.ms = 60000
	max.in.flight.requests.per.connection = 5
	max.request.size = 1048576
	metadata.fetch.timeout.ms = 60000
	metadata.max.age.ms = 300000
	metric.reporters = []
	metrics.num.samples = 2
	metrics.sample.window.ms = 30000
	partitioner.class = class org.apache.kafka.clients.producer.internals.DefaultPartitioner
	receive.buffer.bytes = 32768
	reconnect.backoff.ms = 50
	request.timeout.ms = 30000
	retries = 1
	retry.backoff.ms = 100
	sasl.kerberos.kinit.cmd = /usr/bin/kinit
	sasl.kerberos.min.time.before.relogin = 60000
	sasl.kerberos.service.name = null
	sasl.kerberos.ticket.renew.jitter = 0.05
	sasl.kerberos.ticket.renew.window.factor = 0.8
	sasl.mechanism = GSSAPI
	security.protocol = PLAINTEXT
	send.buffer.bytes = 131072
	ssl.cipher.suites = null
	ssl.enabled.protocols = [TLSv1.2, TLSv1.1, TLSv1]
	ssl.endpoint.identification.algorithm = null
	ssl.key.password = null
	ssl.keymanager.algorithm = SunX509
	ssl.keystore.location = null
	ssl.keystore.password = null
	ssl.keystore.type = JKS
	ssl.protocol = TLS
	ssl.provider = null
	ssl.secure.random.implementation = null
	ssl.trustmanager.algorithm = PKIX
	ssl.truststore.location = null
	ssl.truststore.password = null
	ssl.truststore.type = JKS
	timeout.ms = 30000
	value.serializer = class org.apache.kafka.common.serialization.StringSerializer

2017-03-17 09:53:14,124 org.apache.kafka.clients.producer.ProducerConfig (logAll:180) - ProducerConfig values: 
	acks = 1
	batch.size = 16384
	block.on.buffer.full = false
	bootstrap.servers = [10.0.88.30:9092, 10.0.88.41:9092]
	buffer.memory = 33554432
	client.id = producer-1
	compression.type = none
	connections.max.idle.ms = 540000
	interceptor.classes = null
	key.serializer = class org.apache.kafka.common.serialization.StringSerializer
	linger.ms = 1
	max.block.ms = 60000
	max.in.flight.requests.per.connection = 5
	max.request.size = 1048576
	metadata.fetch.timeout.ms = 60000
	metadata.max.age.ms = 300000
	metric.reporters = []
	metrics.num.samples = 2
	metrics.sample.window.ms = 30000
	partitioner.class = class org.apache.kafka.clients.producer.internals.DefaultPartitioner
	receive.buffer.bytes = 32768
	reconnect.backoff.ms = 50
	request.timeout.ms = 30000
	retries = 1
	retry.backoff.ms = 100
	sasl.kerberos.kinit.cmd = /usr/bin/kinit
	sasl.kerberos.min.time.before.relogin = 60000
	sasl.kerberos.service.name = null
	sasl.kerberos.ticket.renew.jitter = 0.05
	sasl.kerberos.ticket.renew.window.factor = 0.8
	sasl.mechanism = GSSAPI
	security.protocol = PLAINTEXT
	send.buffer.bytes = 131072
	ssl.cipher.suites = null
	ssl.enabled.protocols = [TLSv1.2, TLSv1.1, TLSv1]
	ssl.endpoint.identification.algorithm = null
	ssl.key.password = null
	ssl.keymanager.algorithm = SunX509
	ssl.keystore.location = null
	ssl.keystore.password = null
	ssl.keystore.type = JKS
	ssl.protocol = TLS
	ssl.provider = null
	ssl.secure.random.implementation = null
	ssl.trustmanager.algorithm = PKIX
	ssl.truststore.location = null
	ssl.truststore.password = null
	ssl.truststore.type = JKS
	timeout.ms = 30000
	value.serializer = class org.apache.kafka.common.serialization.StringSerializer

2017-03-17 09:53:14,179 org.apache.kafka.clients.producer.ProducerConfig (logUnused:188) - The configuration 'group.id' was supplied but isn't a known config.
2017-03-17 09:53:14,182 org.apache.kafka.common.utils.AppInfoParser (<init>:83) - Kafka version : 0.10.1.0
2017-03-17 09:53:14,182 org.apache.kafka.common.utils.AppInfoParser (<init>:84) - Kafka commitId : 3402a74efb23d1d4
